Change Component Designator: Old Designator=C? New Designator=C3
Change Component Part ID : Designator=C3 Old Part ID =1 New Part ID =2
Change Component Designator: Old Designator=C? New Designator=C8
Change Component Part ID : Designator=C8 Old Part ID =1 New Part ID =3
Change Component Designator: Old Designator=C? New Designator=C14
Change Component Designator: Old Designator=C? New Designator=C14
Change Component Part ID : Designator=C14 Old Part ID =1 New Part ID =2
Change Component Designator: Old Designator=C? New Designator=C3
Change Component Part ID : Designator=C3 Old Part ID =2 New Part ID =3
Change Component Designator: Old Designator=C? New Designator=C8
Change Component Designator: Old Designator=C? New Designator=C14
Change Component Part ID : Designator=C14 Old Part ID =2 New Part ID =3
Change Component Designator: Old Designator=C? New Designator=C14
Change Component Part ID : Designator=C14 Old Part ID =2 New Part ID =4
Change Component Designator: Old Designator=C? New Designator=C3
Change Component Part ID : Designator=C3 Old Part ID =3 New Part ID =1
Change Component Designator: Old Designator=C? New Designator=C8
Change Component Part ID : Designator=C8 Old Part ID =3 New Part ID =1
Change Component Designator: Old Designator=C? New Designator=C19
Change Component Part ID : Designator=C19 Old Part ID =3 New Part ID =1
Change Component Designator: Old Designator=C? New Designator=C19
Change Component Designator: Old Designator=C? New Designator=C3
Change Component Designator: Old Designator=C? New Designator=C8
Change Component Designator: Old Designator=C? New Designator=C19
Change Component Part ID : Designator=C19 Old Part ID =4 New Part ID =2
Change Component Designator: Old Designator=C? New Designator=C1
Change Component Designator: Old Designator=C? New Designator=C2
Change Component Designator: Old Designator=C? New Designator=C4
Change Component Designator: Old Designator=C? New Designator=C5
Change Component Designator: Old Designator=C? New Designator=C6
Change Component Designator: Old Designator=C? New Designator=C7
Change Component Designator: Old Designator=C? New Designator=C9
Change Component Designator: Old Designator=C? New Designator=C10
Change Component Designator: Old Designator=C? New Designator=C11
Change Component Designator: Old Designator=C? New Designator=C12
Change Component Designator: Old Designator=C? New Designator=C13
Change Component Designator: Old Designator=C? New Designator=C15
Change Component Designator: Old Designator=C? New Designator=C16
Change Component Designator: Old Designator=C? New Designator=C17
Change Component Designator: Old Designator=C? New Designator=C18
Change Component Designator: Old Designator=C? New Designator=C20
Change Component Designator: Old Designator=C? New Designator=C21
Change Component Designator: Old Designator=DA? New Designator=DA1
Change Component Designator: Old Designator=DA? New Designator=DA2
Change Component Designator: Old Designator=L? New Designator=L1
Change Component Designator: Old Designator=L? New Designator=L2
Change Component Designator: Old Designator=R? New Designator=R1
Change Component Part ID : Designator=R1 Old Part ID =1 New Part ID =2
Change Component Designator: Old Designator=R? New Designator=R2
Change Component Designator: Old Designator=R? New Designator=R2
Change Component Part ID : Designator=R2 Old Part ID =1 New Part ID =4
Change Component Designator: Old Designator=R? New Designator=R4
Change Component Part ID : Designator=R4 Old Part ID =1 New Part ID =2
Change Component Designator: Old Designator=R? New Designator=R7
Change Component Part ID : Designator=R7 Old Part ID =1 New Part ID =3
Change Component Designator: Old Designator=R? New Designator=R8
Change Component Part ID : Designator=R8 Old Part ID =1 New Part ID =2
Change Component Designator: Old Designator=R? New Designator=R8
Change Component Part ID : Designator=R8 Old Part ID =1 New Part ID =3
Change Component Designator: Old Designator=R? New Designator=R8
Change Component Part ID : Designator=R8 Old Part ID =1 New Part ID =4
Change Component Designator: Old Designator=R? New Designator=R9
Change Component Part ID : Designator=R9 Old Part ID =1 New Part ID =2
Change Component Designator: Old Designator=R? New Designator=R10
Change Component Designator: Old Designator=R? New Designator=R10
Change Component Part ID : Designator=R10 Old Part ID =1 New Part ID =2
Change Component Designator: Old Designator=R? New Designator=R11
Change Component Part ID : Designator=R11 Old Part ID =1 New Part ID =2
Change Component Designator: Old Designator=R? New Designator=R1
Change Component Part ID : Designator=R1 Old Part ID =2 New Part ID =3
Change Component Designator: Old Designator=R? New Designator=R2
Change Component Part ID : Designator=R2 Old Part ID =2 New Part ID =3
Change Component Designator: Old Designator=R? New Designator=R4
Change Component Part ID : Designator=R4 Old Part ID =2 New Part ID =1
Change Component Designator: Old Designator=R? New Designator=R5
Change Component Part ID : Designator=R5 Old Part ID =2 New Part ID =3
Change Component Designator: Old Designator=R? New Designator=R7
Change Component Part ID : Designator=R7 Old Part ID =2 New Part ID =1
Change Component Designator: Old Designator=R? New Designator=R7
Change Component Designator: Old Designator=R? New Designator=R9
Change Component Part ID : Designator=R9 Old Part ID =2 New Part ID =3
Change Component Designator: Old Designator=R? New Designator=R10
Change Component Part ID : Designator=R10 Old Part ID =2 New Part ID =3
Change Component Designator: Old Designator=R? New Designator=R11
Change Component Part ID : Designator=R11 Old Part ID =2 New Part ID =1
Change Component Designator: Old Designator=R? New Designator=R11
Change Component Part ID : Designator=R11 Old Part ID =2 New Part ID =3
Change Component Designator: Old Designator=R? New Designator=R11
Change Component Part ID : Designator=R11 Old Part ID =2 New Part ID =4
Change Component Designator: Old Designator=R? New Designator=R13
Change Component Part ID : Designator=R13 Old Part ID =2 New Part ID =1
Change Component Designator: Old Designator=R? New Designator=R1
Change Component Part ID : Designator=R1 Old Part ID =3 New Part ID =4
Change Component Designator: Old Designator=R? New Designator=R2
Change Component Part ID : Designator=R2 Old Part ID =3 New Part ID =2
Change Component Designator: Old Designator=R? New Designator=R4
Change Component Designator: Old Designator=R? New Designator=R5
Change Component Part ID : Designator=R5 Old Part ID =3 New Part ID =1
Change Component Designator: Old Designator=R? New Designator=R5
Change Component Part ID : Designator=R5 Old Part ID =3 New Part ID =4
Change Component Designator: Old Designator=R? New Designator=R9
Change Component Part ID : Designator=R9 Old Part ID =3 New Part ID =4
Change Component Designator: Old Designator=R? New Designator=R10
Change Component Part ID : Designator=R10 Old Part ID =3 New Part ID =4
Change Component Designator: Old Designator=R? New Designator=R12
Change Component Part ID : Designator=R12 Old Part ID =3 New Part ID =1
Change Component Designator: Old Designator=R? New Designator=R12
Change Component Designator: Old Designator=R? New Designator=R12
Change Component Part ID : Designator=R12 Old Part ID =3 New Part ID =4
Change Component Designator: Old Designator=R? New Designator=R13
Change Component Designator: Old Designator=R? New Designator=R1
Change Component Part ID : Designator=R1 Old Part ID =4 New Part ID =1
Change Component Designator: Old Designator=R? New Designator=R4
Change Component Designator: Old Designator=R? New Designator=R5
Change Component Part ID : Designator=R5 Old Part ID =4 New Part ID =2
Change Component Designator: Old Designator=R? New Designator=R7
Change Component Designator: Old Designator=R? New Designator=R8
Change Component Part ID : Designator=R8 Old Part ID =4 New Part ID =1
Change Component Designator: Old Designator=R? New Designator=R9
Change Component Part ID : Designator=R9 Old Part ID =4 New Part ID =1
Change Component Designator: Old Designator=R? New Designator=R12
Change Component Part ID : Designator=R12 Old Part ID =4 New Part ID =2
Change Component Designator: Old Designator=R? New Designator=R13
Change Component Part ID : Designator=R13 Old Part ID =4 New Part ID =2
Change Component Designator: Old Designator=R? New Designator=R3
Change Component Designator: Old Designator=R? New Designator=R6
Change Component Designator: Old Designator=VD? New Designator=VD1
Change Component Part ID : Designator=VD1 Old Part ID =1 New Part ID =2
Change Component Designator: Old Designator=VD? New Designator=VD1
Change Component Part ID : Designator=VD1 Old Part ID =1 New Part ID =3
Change Component Designator: Old Designator=VD? New Designator=VD3
Change Component Designator: Old Designator=VD? New Designator=VD1
Change Component Part ID : Designator=VD1 Old Part ID =2 New Part ID =4
Change Component Designator: Old Designator=VD? New Designator=VD2
Change Component Part ID : Designator=VD2 Old Part ID =2 New Part ID =1
Change Component Designator: Old Designator=VD? New Designator=VD3
Change Component Part ID : Designator=VD3 Old Part ID =2 New Part ID =4
Change Component Designator: Old Designator=VD? New Designator=VD1
Change Component Part ID : Designator=VD1 Old Part ID =3 New Part ID =1
Change Component Designator: Old Designator=VD? New Designator=VD2
Change Component Part ID : Designator=VD2 Old Part ID =3 New Part ID =2
Change Component Designator: Old Designator=VD? New Designator=VD2
Change Component Part ID : Designator=VD2 Old Part ID =3 New Part ID =4
Change Component Designator: Old Designator=VD? New Designator=VD1
Change Component Part ID : Designator=VD1 Old Part ID =4 New Part ID =5
Change Component Designator: Old Designator=VD? New Designator=VD2
Change Component Part ID : Designator=VD2 Old Part ID =4 New Part ID =5
Change Component Designator: Old Designator=VD? New Designator=VD3
Change Component Part ID : Designator=VD3 Old Part ID =4 New Part ID =2
Change Component Designator: Old Designator=VD? New Designator=VD2
Change Component Part ID : Designator=VD2 Old Part ID =5 New Part ID =3
Change Component Designator: Old Designator=VD? New Designator=VD3
Change Component Part ID : Designator=VD3 Old Part ID =5 New Part ID =3
Change Component Designator: Old Designator=VD? New Designator=VD3
Change Component Designator: Old Designator=XS? New Designator=XS1
Change Component Designator: Old Designator=XS? New Designator=XS2
Change Component Designator: Old Designator=XS? New Designator=XS3
