Removed Pin From Net: NetName=DI4_MCU Pin=VD2-1
Removed Pin From Net: NetName=DI5_MCU Pin=VD2-3
Removed Pin From Net: NetName=DI6_MCU Pin=VD2-4
Removed Pin From Net: NetName=DI7_BT_MCU Pin=VD2-5
Added Component: Designator=VD2(SOT-363)
Add component. Clean all parameters for all variants
Add component (AddParameter): Name = "Идентификатор"; Value = "PESD3V3L5UY "; VariantName = "[No Variations]"
Add component (AddParameter): Name = "Корпус"; Value = "SMC"; VariantName = "[No Variations]"
Add component (AddParameter): Name = "Наименование"; Value = ""; VariantName = "[No Variations]"
Add component (AddParameter): Name = "Напряжение"; Value = "3.3V"; VariantName = "[No Variations]"
Add component (AddParameter): Name = "Номинал"; Value = ""; VariantName = "[No Variations]"
Add component (AddParameter): Name = "Поставщик"; Value = ""; VariantName = "[No Variations]"
Add component (AddParameter): Name = "Примечания"; Value = ""; VariantName = "[No Variations]"
Add component (AddParameter): Name = "Тип"; Value = "Диод"; VariantName = "[No Variations]"
Added Pin To Net: NetName=D_GND Pin=VD1-2
Added Pin To Net: NetName=DI4_MCU Pin=VD2-1
Added Pin To Net: NetName=DI7_BT_MCU Pin=VD2-1
Added Pin To Net: NetName=D_GND Pin=VD2-2
Added Pin To Net: NetName=DI5_MCU Pin=VD2-5
Added Pin To Net: NetName=DI6_MCU Pin=VD2-6
Added Member To Class: ClassName=Ai Member=Component VD2 сборка 5шт
