Removed Pin From Net: NetName=NetC5_2 Pin=R2-1
Removed Pin From Net: NetName=NetC10_2 Pin=R2-2
Removed Pin From Net: NetName=NetC2_2 Pin=R2-3
Removed Pin From Net: NetName=DI1 Pin=R2-6
Removed Pin From Net: NetName=AI2_Y Pin=R2-7
Removed Pin From Net: NetName=AI1_X Pin=R2-8
Removed Pin From Net: NetName=A_GND Pin=R3-1
Removed Pin From Net: NetName=A_GND Pin=R3-2
Removed Pin From Net: NetName=D_GND Pin=R3-3
Removed Pin From Net: NetName=NetC2_2 Pin=R3-6
Removed Pin From Net: NetName=NetC10_2 Pin=R3-7
Removed Pin From Net: NetName=NetC5_2 Pin=R3-8
Removed Pin From Net: NetName=NetC7_2 Pin=R4-1
Removed Pin From Net: NetName=NetC12_2 Pin=R4-2
Removed Pin From Net: NetName=NetC7_2 Pin=R4-3
Removed Pin From Net: NetName=DI5 Pin=R4-6
Removed Pin From Net: NetName=DI6_MCU Pin=R4-7
Removed Pin From Net: NetName=DI5_MCU Pin=R4-8
Removed Pin From Net: NetName=D_GND Pin=R5-2
Removed Pin From Net: NetName=DI12_BT Pin=R11-8
Removed Pin From Net: NetName=NetC20_2 Pin=R12-2
Removed Pin From Net: NetName=NetC21_2 Pin=R12-4
Removed Pin From Net: NetName=DI13_BT Pin=R12-5
Removed Member From Class: ClassName=Ai Member=C23
Removed Member From Class: ClassName=Ai Member=R5
Removed Member From Class: ClassName=Main Member=R30
Removed Member From Class: ClassName=Main Member=R31
Removed Member From Class: ClassName=Main Member=R32
Removed Member From Class: ClassName=Main Member=R33
Removed Member From Class: ClassName=Main Member=R35
Change Component Designator: OldDesignator=DD1 NewDesignator=DD5
Change Component Designator: OldDesignator=DD5 NewDesignator=DD1
Change Component Designator: OldDesignator=R4 NewDesignator=R2
Change Component Designator: OldDesignator=R5 NewDesignator=R3
Change Component Designator: OldDesignator=R13 NewDesignator=R9
Change component parameters: Designator = "R2"; Footprint = "YC-164"; UniqueID = "\PUESSGCY"
Change component parameters. Clean all parameters for all variants
Change component parameters (AddParameter): Name = "Идентификатор"; Value = "YC164-JR-072KL  "; VariantName = "[No Variations]"
Change component parameters (AddParameter): Name = "Корпус"; Value = "0805"; VariantName = "[No Variations]"
Change component parameters (AddParameter): Name = "Наименование"; Value = ""; VariantName = "[No Variations]"
Change component parameters (AddParameter): Name = "Напряжение"; Value = ""; VariantName = "[No Variations]"
Change component parameters (AddParameter): Name = "Номинал"; Value = "2k"; VariantName = "[No Variations]"
Change component parameters (AddParameter): Name = "Поставщик"; Value = ""; VariantName = "[No Variations]"
Change component parameters (AddParameter): Name = "Примечания"; Value = ""; VariantName = "[No Variations]"
Change component parameters (AddParameter): Name = "Тип"; Value = "Резистор"; VariantName = "[No Variations]"
Change component parameters: Designator = "R8"; Footprint = "YC-164"; UniqueID = "\QORYWGON"
Change component parameters. Clean all parameters for all variants
Change component parameters (AddParameter): Name = "Идентификатор"; Value = "YC164-JR-07510RL"; VariantName = "[No Variations]"
Change component parameters (AddParameter): Name = "Корпус"; Value = "0805"; VariantName = "[No Variations]"
Change component parameters (AddParameter): Name = "Наименование"; Value = ""; VariantName = "[No Variations]"
Change component parameters (AddParameter): Name = "Напряжение"; Value = ""; VariantName = "[No Variations]"
Change component parameters (AddParameter): Name = "Номинал"; Value = "510"; VariantName = "[No Variations]"
Change component parameters (AddParameter): Name = "Поставщик"; Value = ""; VariantName = "[No Variations]"
Change component parameters (AddParameter): Name = "Примечания"; Value = ""; VariantName = "[No Variations]"
Change component parameters (AddParameter): Name = "Тип"; Value = "Резистор"; VariantName = "[No Variations]"
Change component parameters: Designator = "R11"; Footprint = "YC-164"; UniqueID = "\QZPGUOWT"
Change component parameters. Clean all parameters for all variants
Change component parameters (AddParameter): Name = "Идентификатор"; Value = "YC164-JR-07510RL"; VariantName = "[No Variations]"
Change component parameters (AddParameter): Name = "Корпус"; Value = "0805"; VariantName = "[No Variations]"
Change component parameters (AddParameter): Name = "Наименование"; Value = ""; VariantName = "[No Variations]"
Change component parameters (AddParameter): Name = "Напряжение"; Value = ""; VariantName = "[No Variations]"
Change component parameters (AddParameter): Name = "Номинал"; Value = "510"; VariantName = "[No Variations]"
Change component parameters (AddParameter): Name = "Поставщик"; Value = ""; VariantName = "[No Variations]"
Change component parameters (AddParameter): Name = "Примечания"; Value = ""; VariantName = "[No Variations]"
Change component parameters (AddParameter): Name = "Тип"; Value = "Резистор"; VariantName = "[No Variations]"
Added Component: Designator=R8(YC-164)
Add component. Clean all parameters for all variants
Add component (AddParameter): Name = "Идентификатор"; Value = "YC164-JR-073KL   "; VariantName = "[No Variations]"
Add component (AddParameter): Name = "Корпус"; Value = "0805"; VariantName = "[No Variations]"
Add component (AddParameter): Name = "Наименование"; Value = ""; VariantName = "[No Variations]"
Add component (AddParameter): Name = "Напряжение"; Value = ""; VariantName = "[No Variations]"
Add component (AddParameter): Name = "Номинал"; Value = "3k"; VariantName = "[No Variations]"
Add component (AddParameter): Name = "Поставщик"; Value = ""; VariantName = "[No Variations]"
Add component (AddParameter): Name = "Примечания"; Value = ""; VariantName = "[No Variations]"
Add component (AddParameter): Name = "Тип"; Value = "Резистор"; VariantName = "[No Variations]"
Added Component: Designator=R8(YC-164)
Add component. Clean all parameters for all variants
Add component (AddParameter): Name = "Идентификатор"; Value = "YC164-JR-07510RL"; VariantName = "[No Variations]"
Add component (AddParameter): Name = "Корпус"; Value = "0805"; VariantName = "[No Variations]"
Add component (AddParameter): Name = "Наименование"; Value = ""; VariantName = "[No Variations]"
Add component (AddParameter): Name = "Напряжение"; Value = ""; VariantName = "[No Variations]"
Add component (AddParameter): Name = "Номинал"; Value = "510"; VariantName = "[No Variations]"
Add component (AddParameter): Name = "Поставщик"; Value = ""; VariantName = "[No Variations]"
Add component (AddParameter): Name = "Примечания"; Value = ""; VariantName = "[No Variations]"
Add component (AddParameter): Name = "Тип"; Value = "Резистор"; VariantName = "[No Variations]"
Added Component: Designator=R8(YC-164)
Add component. Clean all parameters for all variants
Add component (AddParameter): Name = "Идентификатор"; Value = "YC164-JR-07510RL"; VariantName = "[No Variations]"
Add component (AddParameter): Name = "Корпус"; Value = "0805"; VariantName = "[No Variations]"
Add component (AddParameter): Name = "Наименование"; Value = ""; VariantName = "[No Variations]"
Add component (AddParameter): Name = "Напряжение"; Value = ""; VariantName = "[No Variations]"
Add component (AddParameter): Name = "Номинал"; Value = "510"; VariantName = "[No Variations]"
Add component (AddParameter): Name = "Поставщик"; Value = ""; VariantName = "[No Variations]"
Add component (AddParameter): Name = "Примечания"; Value = ""; VariantName = "[No Variations]"
Add component (AddParameter): Name = "Тип"; Value = "Резистор"; VariantName = "[No Variations]"
Added Component: Designator=R11(YC-164)
Add component. Clean all parameters for all variants
Add component (AddParameter): Name = "Идентификатор"; Value = "YC164-JR-072KL  "; VariantName = "[No Variations]"
Add component (AddParameter): Name = "Корпус"; Value = "0805"; VariantName = "[No Variations]"
Add component (AddParameter): Name = "Наименование"; Value = ""; VariantName = "[No Variations]"
Add component (AddParameter): Name = "Напряжение"; Value = ""; VariantName = "[No Variations]"
Add component (AddParameter): Name = "Номинал"; Value = "2k"; VariantName = "[No Variations]"
Add component (AddParameter): Name = "Поставщик"; Value = ""; VariantName = "[No Variations]"
Add component (AddParameter): Name = "Примечания"; Value = ""; VariantName = "[No Variations]"
Add component (AddParameter): Name = "Тип"; Value = "Резистор"; VariantName = "[No Variations]"
Added Component: Designator=R11(YC-164)
Add component. Clean all parameters for all variants
Add component (AddParameter): Name = "Идентификатор"; Value = "YC164-JR-07510RL"; VariantName = "[No Variations]"
Add component (AddParameter): Name = "Корпус"; Value = "0805"; VariantName = "[No Variations]"
Add component (AddParameter): Name = "Наименование"; Value = ""; VariantName = "[No Variations]"
Add component (AddParameter): Name = "Напряжение"; Value = ""; VariantName = "[No Variations]"
Add component (AddParameter): Name = "Номинал"; Value = "510"; VariantName = "[No Variations]"
Add component (AddParameter): Name = "Поставщик"; Value = ""; VariantName = "[No Variations]"
Add component (AddParameter): Name = "Примечания"; Value = ""; VariantName = "[No Variations]"
Add component (AddParameter): Name = "Тип"; Value = "Резистор"; VariantName = "[No Variations]"
Added Component: Designator=R13(YC-164)
Add component. Clean all parameters for all variants
Add component (AddParameter): Name = "Идентификатор"; Value = "YC164-JR-073KL   "; VariantName = "[No Variations]"
Add component (AddParameter): Name = "Корпус"; Value = "0805"; VariantName = "[No Variations]"
Add component (AddParameter): Name = "Наименование"; Value = ""; VariantName = "[No Variations]"
Add component (AddParameter): Name = "Напряжение"; Value = ""; VariantName = "[No Variations]"
Add component (AddParameter): Name = "Номинал"; Value = "3k"; VariantName = "[No Variations]"
Add component (AddParameter): Name = "Поставщик"; Value = ""; VariantName = "[No Variations]"
Add component (AddParameter): Name = "Примечания"; Value = ""; VariantName = "[No Variations]"
Add component (AddParameter): Name = "Тип"; Value = "Резистор"; VariantName = "[No Variations]"
Added Pin To Net: NetName=NetC11_2 Pin=R1-3
Added Pin To Net: NetName=DI3_MCU Pin=R1-6
Added Pin To Net: NetName=NetC5_2 Pin=R2-1
Added Pin To Net: NetName=NetC10_2 Pin=R2-2
Added Pin To Net: NetName=NetC2_2 Pin=R2-3
Added Pin To Net: NetName=DI1 Pin=R2-6
Added Pin To Net: NetName=AI2_Y Pin=R2-7
Added Pin To Net: NetName=AI1_X Pin=R2-8
Added Pin To Net: NetName=A_GND Pin=R3-1
Added Pin To Net: NetName=A_GND Pin=R3-2
Added Pin To Net: NetName=D_GND Pin=R3-3
Added Pin To Net: NetName=D_GND Pin=R3-4
Added Pin To Net: NetName=NetC6_2 Pin=R3-5
Added Pin To Net: NetName=NetC2_2 Pin=R3-6
Added Pin To Net: NetName=NetC10_2 Pin=R3-7
Added Pin To Net: NetName=NetC5_2 Pin=R3-8
Added Pin To Net: NetName=NetC7_2 Pin=R4-1
Added Pin To Net: NetName=NetC12_2 Pin=R4-2
Added Pin To Net: NetName=DI6_MCU Pin=R4-7
Added Pin To Net: NetName=DI5_MCU Pin=R4-8
Added Pin To Net: NetName=NetC11_2 Pin=R7-1
Added Pin To Net: NetName=NetC4_2 Pin=R7-2
Added Pin To Net: NetName=NetC7_2 Pin=R7-3
Added Pin To Net: NetName=DI5 Pin=R7-6
Added Pin To Net: NetName=DI4 Pin=R7-7
Added Pin To Net: NetName=DI3 Pin=R7-8
Added Pin To Net: NetName=D_GND Pin=R8-1
Added Pin To Net: NetName=D_GND Pin=R8-2
Added Pin To Net: NetName=D_GND Pin=R8-3
Added Pin To Net: NetName=NetC21_2 Pin=R8-3
Added Pin To Net: NetName=D_GND Pin=R8-4
Added Pin To Net: NetName=NetC12_2 Pin=R8-5
Added Pin To Net: NetName=DI13_BT_MCU Pin=R8-6
Added Pin To Net: NetName=NetC7_2 Pin=R8-6
Added Pin To Net: NetName=DI12_BT_MCU Pin=R8-7
Added Pin To Net: NetName=NetC4_2 Pin=R8-7
Added Pin To Net: NetName=DI11_BT_MCU Pin=R8-8
Added Pin To Net: NetName=NetC11_2 Pin=R8-8
Added Pin To Net: NetName=D_GND Pin=R9-1
Added Pin To Net: NetName=D_GND Pin=R9-2
Added Pin To Net: NetName=D_GND Pin=R9-3
Added Pin To Net: NetName=NetC21_2 Pin=R9-6
Added Pin To Net: NetName=NetC20_2 Pin=R10-4
Added Pin To Net: NetName=DI10_BT Pin=R10-5
Added Pin To Net: NetName=DI9_BT Pin=R10-6
Added Pin To Net: NetName=DI8_BT Pin=R10-7
Added Pin To Net: NetName=NetC20_2 Pin=R11-3
Added Pin To Net: NetName=DI10_BT_MCU Pin=R11-6
Added Pin To Net: NetName=DI9_BT_MCU Pin=R11-7
Added Pin To Net: NetName=DI12_BT Pin=R11-7
Added Pin To Net: NetName=DI8_BT_MCU Pin=R11-8
Added Pin To Net: NetName=DI11_BT Pin=R11-8
Added Pin To Net: NetName=NetC21_2 Pin=R12-3
Added Pin To Net: NetName=DI13_BT Pin=R12-6
Added Pin To Net: NetName=D_GND Pin=R13-1
Added Pin To Net: NetName=D_GND Pin=R13-2
Added Pin To Net: NetName=D_GND Pin=R13-3
Added Pin To Net: NetName=D_GND Pin=R13-4
Added Pin To Net: NetName=NetC20_2 Pin=R13-5
Added Pin To Net: NetName=NetC15_2 Pin=R13-8
Change Net Name : Old Net Name=NetDD1_10 New Net Name=NetDD5_10
Change Net Name : Old Net Name=NetDD1_23 New Net Name=NetDD5_23
Change Net Name : Old Net Name=NetDD1_38 New Net Name=NetDD5_38
Change Net Name : Old Net Name=NetDD1_39 New Net Name=NetDD5_39
Change Net Name : Old Net Name=NetDD1_40 New Net Name=NetDD5_40
Change Net Name : Old Net Name=NetDD1_41 New Net Name=NetDD5_41
Change Net Name : Old Net Name=NetDD1_42 New Net Name=NetDD5_42
Change Net Name : Old Net Name=NetDD5_20 New Net Name=NetDD1_20
Change Net Name : Old Net Name=NetDD5_25 New Net Name=NetDD1_25
Change Net Name : Old Net Name=NetDD5_26 New Net Name=NetDD1_26
Change Net Name : Old Net Name=NetDD5_27 New Net Name=NetDD1_27
Change Net Name : Old Net Name=NetDD5_28 New Net Name=NetDD1_28
Change Net Name : Old Net Name=NetDD5_29 New Net Name=NetDD1_29
Change Net Name : Old Net Name=NetDD5_30 New Net Name=NetDD1_30
Change Net Name : Old Net Name=NetDD5_44 New Net Name=NetDD1_44
Added Pin To Net: NetName=NetC13_2 Pin=C13-2
Added Pin To Net: NetName=NetC13_2 Pin=R8-1
Added Pin To Net: NetName=NetC13_2 Pin=R9-8
Added Pin To Net: NetName=NetC13_2 Pin=R11-1
Added Net: Name=NetC13_2
Added Pin To Net: NetName=NetC16_2 Pin=C16-2
Added Pin To Net: NetName=NetC16_2 Pin=R10-2
Added Pin To Net: NetName=NetC16_2 Pin=R11-1
Added Pin To Net: NetName=NetC16_2 Pin=R13-7
Added Net: Name=NetC16_2
Added Pin To Net: NetName=NetC17_2 Pin=C17-2
Added Pin To Net: NetName=NetC17_2 Pin=R8-2
Added Pin To Net: NetName=NetC17_2 Pin=R9-7
Added Pin To Net: NetName=NetC17_2 Pin=R11-2
Added Net: Name=NetC17_2
Added Pin To Net: NetName=NetC18_2 Pin=C18-2
Added Pin To Net: NetName=NetC18_2 Pin=R10-3
Added Pin To Net: NetName=NetC18_2 Pin=R11-2
Added Pin To Net: NetName=NetC18_2 Pin=R13-6
Added Net: Name=NetC18_2
Added Member To Class: ClassName=Ai Member=Component C2 0805
Added Member To Class: ClassName=Ai Member=Component C3 Cборка 4 шт
Added Member To Class: ClassName=Ai Member=Component C4 0805
Added Member To Class: ClassName=Ai Member=Component C6 0805
Added Member To Class: ClassName=Ai Member=Component C7 0805
Added Member To Class: ClassName=Ai Member=Component C8 Cборка 4 шт
Added Member To Class: ClassName=Ai Member=Component C9 0805
Added Member To Class: ClassName=Ai Member=Component C10 0805
Added Member To Class: ClassName=Ai Member=Component C11 0805
Added Member To Class: ClassName=Ai Member=Component C12 0805
Added Member To Class: ClassName=Ai Member=Component C13 0805
Added Member To Class: ClassName=Ai Member=Component C14 Cборка 4 шт
Added Member To Class: ClassName=Ai Member=Component C15 0805
Added Member To Class: ClassName=Ai Member=Component C16 0805
Added Member To Class: ClassName=Ai Member=Component C17 0805
Added Member To Class: ClassName=Ai Member=Component C18 0805
Added Member To Class: ClassName=Ai Member=Component C19 Cборка 4 шт
Added Member To Class: ClassName=Ai Member=Component C20 0805
Added Member To Class: ClassName=Ai Member=Component C21 0805
Added Member To Class: ClassName=Eth Member=Component C22 0805
Added Member To Class: ClassName=Eth Member=Component C24 0805
Added Member To Class: ClassName=Eth Member=Component C26 0805
Added Member To Class: ClassName=Eth Member=Component C27 TAN_A
Added Member To Class: ClassName=Eth Member=Component C29 0805
Added Member To Class: ClassName=Eth Member=Component C31 0805
Added Member To Class: ClassName=Eth Member=Component C32 0805
Added Member To Class: ClassName=Eth Member=Component C35 0805
Added Member To Class: ClassName=Eth Member=Component C36 0805
Added Member To Class: ClassName=Eth Member=Component C38 0805
Added Member To Class: ClassName=Eth Member=Component C40 0805
Added Member To Class: ClassName=Eth Member=Component C41 0805
Added Member To Class: ClassName=Main Member=Component C43 0805
Added Member To Class: ClassName=Main Member=Component C44 0805
Added Member To Class: ClassName=Ai Member=Component R8 сборка 4шт
Added Member To Class: ClassName=Ai Member=Component R8 сборка 4шт
Added Member To Class: ClassName=Ai Member=Component R8 сборка 4шт
Added Member To Class: ClassName=Ai Member=Component R8 сборка 4шт
Added Member To Class: ClassName=Ai Member=Component R11 сборка 4шт
Added Member To Class: ClassName=Ai Member=Component R11 сборка 4шт
Added Member To Class: ClassName=Eth Member=Component R14 0805
Added Member To Class: ClassName=Eth Member=Component R15 0805
Added Member To Class: ClassName=Eth Member=Component R16 0805
Added Member To Class: ClassName=Eth Member=Component R18 0805
Added Member To Class: ClassName=Eth Member=Component R19 0805
Added Member To Class: ClassName=Eth Member=Component R20 0805
Added Member To Class: ClassName=Eth Member=Component R21 0805
Added Member To Class: ClassName=Eth Member=Component R22 0805
Added Member To Class: ClassName=Eth Member=Component R23 0805
Added Member To Class: ClassName=Eth Member=Component R24 0805
Added Member To Class: ClassName=Eth Member=Component R25 0805
Added Member To Class: ClassName=Eth Member=Component R26 0805
Added Member To Class: ClassName=Eth Member=Component R27 0805
Added Member To Class: ClassName=Eth Member=Component R29 0805
Added Member To Class: ClassName=Eth Member=Component R34 0805
Added Member To Class: ClassName=Eth Member=Component R36 0805
Added Member To Class: ClassName=Eth Member=Component R37 0805
Added Member To Class: ClassName=Eth Member=Component R38 1210
Added Member To Class: ClassName=Eth Member=Component R39 2512
Added Member To Class: ClassName=Eth Member=Component R41 0805
Added Member To Class: ClassName=Eth Member=Component R42 0805
Added Member To Class: ClassName=Main Member=Component R44 0805
Added Member To Class: ClassName=Main Member=Component R45 0805
Added Member To Class: ClassName=Main Member=Component R46 0805
Added Member To Class: ClassName=Main Member=Component R47 0805
Added Member To Class: ClassName=Main Member=Component R49 0805
Added Member To Class: ClassName=Main Member=Component R51 0805
Added Member To Class: ClassName=Main Member=Component R64 0805
Added Member To Class: ClassName=Ai Member=Component R? 0805
Added Member To Class: ClassName=Eth Member=Component VD5 VD_Ledx2_dip
Added Member To Class: ClassName=Eth Member=Component VD6 VD_SH_SMA
Added Member To Class: ClassName=Main Member=Component VD9 ESD
Added Member To Class: ClassName=Main Member=Component VD10 ESD
Added Member To Class: ClassName=Main Member=Component VD11 VD_Ledx2_dip
Added Member To Class: ClassName=Main Member=Component VD12 VD_SH_SMA
Added Member To Class: ClassName=Main Member=Component VD13 VD_Led_0805
Added Member To Class: ClassName=Main Member=Component VD15 STPS3150U
Added Member To Class: ClassName=Main Member=Component VD16 VD_Led
Added Member To Class: ClassName=Main Member=Component VD18 VD_SH_SMA
