Removed Pin From Net: NetName=D_GND Pin=R8-2
Removed Pin From Net: NetName=D_GND Pin=R8-3
Removed Pin From Net: NetName=NetC7_2 Pin=R8-6
Removed Pin From Net: NetName=NetC4_2 Pin=R8-7
Removed Pin From Net: NetName=NetC11_2 Pin=R8-8
Removed Pin From Net: NetName=NetC17_2 Pin=R11-2
Removed Pin From Net: NetName=DI12_BT Pin=R11-7
Removed Pin From Net: NetName=DI11_BT Pin=R11-8
Removed Member From Class: ClassName=Main Member=DD5
Change Component Designator: OldDesignator=VD? NewDesignator=VD21
Added Pin To Net: NetName=D_GND Pin=R8-1
Added Pin To Net: NetName=D_GND Pin=R8-2
Added Pin To Net: NetName=D_GND Pin=R8-3
Added Pin To Net: NetName=NetC7_2 Pin=R8-6
Added Pin To Net: NetName=NetC4_2 Pin=R8-7
Added Pin To Net: NetName=DI11_BT_MCU Pin=R8-8
Added Pin To Net: NetName=NetC11_2 Pin=R8-8
Added Pin To Net: NetName=NetC13_2 Pin=R11-1
Added Pin To Net: NetName=NetC17_2 Pin=R11-2
Added Pin To Net: NetName=DI12_BT Pin=R11-7
Added Pin To Net: NetName=DI8_BT_MCU Pin=R11-8
Added Pin To Net: NetName=DI11_BT Pin=R11-8
Added Member To Class: ClassName=Main Member=Component DD1 DD_STM32F103C8T6
Added Member To Class: ClassName=Ai Member=Component R1 סבמנךא 4רע
Added Member To Class: ClassName=Ai Member=Component R2 סבמנךא 4רע
Added Member To Class: ClassName=Ai Member=Component R3 סבמנךא 4רע
Added Member To Class: ClassName=Ai Member=Component R4 סבמנךא 4רע
Added Member To Class: ClassName=Ai Member=Component R8 סבמנךא 4רע
Added Member To Class: ClassName=Ai Member=Component R8 סבמנךא 4רע
Added Member To Class: ClassName=Ai Member=Component R8 סבמנךא 4רע
Added Member To Class: ClassName=Ai Member=Component R9 סבמנךא 4רע
Added Member To Class: ClassName=Ai Member=Component R11 סבמנךא 4רע
Added Member To Class: ClassName=Ai Member=Component R11 סבמנךא 4רע
Added Member To Class: ClassName=Ai Member=Component R13 סבמנךא 4רע
Added Member To Class: ClassName=Ai Member=Component R? 0805
