Added Component: Designator=VD7(VD_SMA_(Do-214AC))
Add component. Clean all parameters for all variants
Add component (AddParameter): Name = "Идентификатор"; Value = ""; VariantName = "[No Variations]"
Add component (AddParameter): Name = "Корпус"; Value = "SMA"; VariantName = "[No Variations]"
Add component (AddParameter): Name = "Наименование"; Value = "10MQ030NPBF"; VariantName = "[No Variations]"
Add component (AddParameter): Name = "Напряжение"; Value = "30В "; VariantName = "[No Variations]"
Add component (AddParameter): Name = "Номинал"; Value = "1А"; VariantName = "[No Variations]"
Add component (AddParameter): Name = "Поставщик"; Value = ""; VariantName = "[No Variations]"
Add component (AddParameter): Name = "Примечания"; Value = ""; VariantName = "[No Variations]"
Add component (AddParameter): Name = "Тип"; Value = "Диод Шоттки"; VariantName = "[No Variations]"
Added Component: Designator=VD8(VD_SMA_(Do-214AC))
Add component. Clean all parameters for all variants
Add component (AddParameter): Name = "Идентификатор"; Value = ""; VariantName = "[No Variations]"
Add component (AddParameter): Name = "Корпус"; Value = "SMA"; VariantName = "[No Variations]"
Add component (AddParameter): Name = "Наименование"; Value = "10MQ030NPBF"; VariantName = "[No Variations]"
Add component (AddParameter): Name = "Напряжение"; Value = "30В "; VariantName = "[No Variations]"
Add component (AddParameter): Name = "Номинал"; Value = "1А"; VariantName = "[No Variations]"
Add component (AddParameter): Name = "Поставщик"; Value = ""; VariantName = "[No Variations]"
Add component (AddParameter): Name = "Примечания"; Value = ""; VariantName = "[No Variations]"
Add component (AddParameter): Name = "Тип"; Value = "Диод Шоттки"; VariantName = "[No Variations]"
Added Pin To Net: NetName=NetVD7_1 Pin=VD7-1
Added Pin To Net: NetName=+3.3V_D Pin=VD7-2
Added Pin To Net: NetName=NetVD8_1 Pin=VD8-1
Added Pin To Net: NetName=+5V_D Pin=VD8-2
Added Member To Class: ClassName=Main Member=Component VD7 VD_SH_SMA
Added Member To Class: ClassName=Main Member=Component VD8 VD_SH_SMA
