Change component parameters: Designator = "XS6"; Footprint = "XS_USBB"; UniqueID = "\AYAFDMBK"
Change component parameters. Clean all parameters for all variants
Change component parameters (AddParameter): Name = "Идентификатор"; Value = ""; VariantName = "[No Variations]"
Change component parameters (AddParameter): Name = "Корпус"; Value = "USB-B "; VariantName = "[No Variations]"
Change component parameters (AddParameter): Name = "Наименование"; Value = "DS1099-WN0-FE"; VariantName = "[No Variations]"
Change component parameters (AddParameter): Name = "Напряжение"; Value = ""; VariantName = "[No Variations]"
Change component parameters (AddParameter): Name = "Номинал"; Value = ""; VariantName = "[No Variations]"
Change component parameters (AddParameter): Name = "Поставщик"; Value = ""; VariantName = "[No Variations]"
Change component parameters (AddParameter): Name = "Примечания"; Value = ""; VariantName = "[No Variations]"
Change component parameters (AddParameter): Name = "Тип"; Value = ""; VariantName = "[No Variations]"
Change component parameters: Designator = "VD6"; Footprint = "VD_SMA_(Do-214AC)"; UniqueID = "\YJQHMCHZ"
Change component parameters. Clean all parameters for all variants
Change component parameters (AddParameter): Name = "Идентификатор"; Value = ""; VariantName = "[No Variations]"
Change component parameters (AddParameter): Name = "Корпус"; Value = "SMA"; VariantName = "[No Variations]"
Change component parameters (AddParameter): Name = "Наименование"; Value = "10MQ030NPBF"; VariantName = "[No Variations]"
Change component parameters (AddParameter): Name = "Напряжение"; Value = "30В "; VariantName = "[No Variations]"
Change component parameters (AddParameter): Name = "Номинал"; Value = "1А"; VariantName = "[No Variations]"
Change component parameters (AddParameter): Name = "Поставщик"; Value = "chipdip"; VariantName = "[No Variations]"
Change component parameters (AddParameter): Name = "Примечания"; Value = ""; VariantName = "[No Variations]"
Change component parameters (AddParameter): Name = "Тип"; Value = "Диод Шоттки"; VariantName = "[No Variations]"
Change component parameters: Designator = "VD7"; Footprint = "VD_SMA_(Do-214AC)"; UniqueID = "\DEBHCKWA"
Change component parameters. Clean all parameters for all variants
Change component parameters (AddParameter): Name = "Идентификатор"; Value = ""; VariantName = "[No Variations]"
Change component parameters (AddParameter): Name = "Корпус"; Value = "SMA"; VariantName = "[No Variations]"
Change component parameters (AddParameter): Name = "Наименование"; Value = "10MQ030NPBF"; VariantName = "[No Variations]"
Change component parameters (AddParameter): Name = "Напряжение"; Value = "30В "; VariantName = "[No Variations]"
Change component parameters (AddParameter): Name = "Номинал"; Value = "1А"; VariantName = "[No Variations]"
Change component parameters (AddParameter): Name = "Поставщик"; Value = "chipdip"; VariantName = "[No Variations]"
Change component parameters (AddParameter): Name = "Примечания"; Value = ""; VariantName = "[No Variations]"
Change component parameters (AddParameter): Name = "Тип"; Value = "Диод Шоттки"; VariantName = "[No Variations]"
Change component parameters: Designator = "VD8"; Footprint = "VD_SMA_(Do-214AC)"; UniqueID = "\DTCJHMYB"
Change component parameters. Clean all parameters for all variants
Change component parameters (AddParameter): Name = "Идентификатор"; Value = ""; VariantName = "[No Variations]"
Change component parameters (AddParameter): Name = "Корпус"; Value = "SMA"; VariantName = "[No Variations]"
Change component parameters (AddParameter): Name = "Наименование"; Value = "10MQ030NPBF"; VariantName = "[No Variations]"
Change component parameters (AddParameter): Name = "Напряжение"; Value = "30В "; VariantName = "[No Variations]"
Change component parameters (AddParameter): Name = "Номинал"; Value = "1А"; VariantName = "[No Variations]"
Change component parameters (AddParameter): Name = "Поставщик"; Value = "chipdip"; VariantName = "[No Variations]"
Change component parameters (AddParameter): Name = "Примечания"; Value = ""; VariantName = "[No Variations]"
Change component parameters (AddParameter): Name = "Тип"; Value = "Диод Шоттки"; VariantName = "[No Variations]"
Change component parameters: Designator = "VD12"; Footprint = "VD_SMA_(Do-214AC)"; UniqueID = "\ECIAMMPO"
Change component parameters. Clean all parameters for all variants
Change component parameters (AddParameter): Name = "Идентификатор"; Value = ""; VariantName = "[No Variations]"
Change component parameters (AddParameter): Name = "Корпус"; Value = "SMA"; VariantName = "[No Variations]"
Change component parameters (AddParameter): Name = "Наименование"; Value = "10MQ030NPBF"; VariantName = "[No Variations]"
Change component parameters (AddParameter): Name = "Напряжение"; Value = "30В "; VariantName = "[No Variations]"
Change component parameters (AddParameter): Name = "Номинал"; Value = "1А"; VariantName = "[No Variations]"
Change component parameters (AddParameter): Name = "Поставщик"; Value = "chipdip"; VariantName = "[No Variations]"
Change component parameters (AddParameter): Name = "Примечания"; Value = ""; VariantName = "[No Variations]"
Change component parameters (AddParameter): Name = "Тип"; Value = "Диод Шоттки"; VariantName = "[No Variations]"
Change component parameters: Designator = "VD18"; Footprint = "VD_SMA_(Do-214AC)"; UniqueID = "\VSNGJBBR"
Change component parameters. Clean all parameters for all variants
Change component parameters (AddParameter): Name = "Идентификатор"; Value = ""; VariantName = "[No Variations]"
Change component parameters (AddParameter): Name = "Корпус"; Value = "SMA"; VariantName = "[No Variations]"
Change component parameters (AddParameter): Name = "Наименование"; Value = "10MQ030NPBF"; VariantName = "[No Variations]"
Change component parameters (AddParameter): Name = "Напряжение"; Value = "30В "; VariantName = "[No Variations]"
Change component parameters (AddParameter): Name = "Номинал"; Value = "1А"; VariantName = "[No Variations]"
Change component parameters (AddParameter): Name = "Поставщик"; Value = "chipdip"; VariantName = "[No Variations]"
Change component parameters (AddParameter): Name = "Примечания"; Value = ""; VariantName = "[No Variations]"
Change component parameters (AddParameter): Name = "Тип"; Value = "Диод Шоттки"; VariantName = "[No Variations]"
Change component parameters: Designator = "R36"; Footprint = "RES_0805_(2x1.2x0.45)_0.125Вт"; UniqueID = "\NSAWQNCI"
Change component parameters. Clean all parameters for all variants
Change component parameters (AddParameter): Name = "Идентификатор"; Value = "RC0805FR-0712K4L"; VariantName = "[No Variations]"
Change component parameters (AddParameter): Name = "Корпус"; Value = "0805"; VariantName = "[No Variations]"
Change component parameters (AddParameter): Name = "Наименование"; Value = "RC0805FR-0712K4L"; VariantName = "[No Variations]"
Change component parameters (AddParameter): Name = "Напряжение"; Value = ""; VariantName = "[No Variations]"
Change component parameters (AddParameter): Name = "Номинал"; Value = "12.4 k "; VariantName = "[No Variations]"
Change component parameters (AddParameter): Name = "Поставщик"; Value = ""; VariantName = "[No Variations]"
Change component parameters (AddParameter): Name = "Примечания"; Value = "1%"; VariantName = "[No Variations]"
Change component parameters (AddParameter): Name = "Тип"; Value = "Резистор"; VariantName = "[No Variations]"
Change component parameters: Designator = "VD17"; Footprint = "VD_SMC_(Do-214AB)"; UniqueID = "\SXLZTQKQ"
Change component parameters. Clean all parameters for all variants
Change component parameters (AddParameter): Name = "Идентификатор"; Value = ""; VariantName = "[No Variations]"
Change component parameters (AddParameter): Name = "Корпус"; Value = "SMC"; VariantName = "[No Variations]"
Change component parameters (AddParameter): Name = "Наименование"; Value = "SM15T30A"; VariantName = "[No Variations]"
Change component parameters (AddParameter): Name = "Напряжение"; Value = "30В"; VariantName = "[No Variations]"
Change component parameters (AddParameter): Name = "Номинал"; Value = " 41.5В 36А 10/1000мкс"; VariantName = "[No Variations]"
Change component parameters (AddParameter): Name = "Поставщик"; Value = ""; VariantName = "[No Variations]"
Change component parameters (AddParameter): Name = "Примечания"; Value = ""; VariantName = "[No Variations]"
Change component parameters (AddParameter): Name = "Тип"; Value = "Диод"; VariantName = "[No Variations]"
Change component parameters: Designator = "BQ1"; Footprint = "Xtal_HC49S"; UniqueID = "\MAAIWDRL"
Change component parameters. Clean all parameters for all variants
Change component parameters (AddParameter): Name = "Идентификатор"; Value = "HC-49S 25 MHz"; VariantName = "[No Variations]"
Change component parameters (AddParameter): Name = "Корпус"; Value = "HC-49S"; VariantName = "[No Variations]"
Change component parameters (AddParameter): Name = "Наименование"; Value = "HC-49S 25 MHz"; VariantName = "[No Variations]"
Change component parameters (AddParameter): Name = "Напряжение"; Value = ""; VariantName = "[No Variations]"
Change component parameters (AddParameter): Name = "Номинал"; Value = "25Mhz"; VariantName = "[No Variations]"
Change component parameters (AddParameter): Name = "Поставщик"; Value = "chipdip "; VariantName = "[No Variations]"
Change component parameters (AddParameter): Name = "Примечания"; Value = ""; VariantName = "[No Variations]"
Change component parameters (AddParameter): Name = "Тип"; Value = ""; VariantName = "[No Variations]"
Change component parameters: Designator = "C3"; Footprint = "CA0612"; UniqueID = "\VCNUUTWV"
Change component parameters. Clean all parameters for all variants
Change component parameters (AddParameter): Name = "Идентификатор"; Value = "CA0612KRX7R7BB104  "; VariantName = "[No Variations]"
Change component parameters (AddParameter): Name = "Корпус"; Value = "SMD 0612"; VariantName = "[No Variations]"
Change component parameters (AddParameter): Name = "Наименование"; Value = "CA0612KRX7R7BB104  "; VariantName = "[No Variations]"
Change component parameters (AddParameter): Name = "Напряжение"; Value = ""; VariantName = "[No Variations]"
Change component parameters (AddParameter): Name = "Номинал"; Value = "0.1 uF"; VariantName = "[No Variations]"
Change component parameters (AddParameter): Name = "Поставщик"; Value = ""; VariantName = "[No Variations]"
Change component parameters (AddParameter): Name = "Примечания"; Value = ""; VariantName = "[No Variations]"
Change component parameters (AddParameter): Name = "Тип"; Value = "Конденсатор"; VariantName = "[No Variations]"
Change component parameters: Designator = "C8"; Footprint = "CA0612"; UniqueID = "\LWIXPIEI"
Change component parameters. Clean all parameters for all variants
Change component parameters (AddParameter): Name = "Идентификатор"; Value = "CA0612KRX7R7BB104  "; VariantName = "[No Variations]"
Change component parameters (AddParameter): Name = "Корпус"; Value = "SMD 0612"; VariantName = "[No Variations]"
Change component parameters (AddParameter): Name = "Наименование"; Value = "CA0612KRX7R7BB104  "; VariantName = "[No Variations]"
Change component parameters (AddParameter): Name = "Напряжение"; Value = ""; VariantName = "[No Variations]"
Change component parameters (AddParameter): Name = "Номинал"; Value = "0.1 uF"; VariantName = "[No Variations]"
Change component parameters (AddParameter): Name = "Поставщик"; Value = ""; VariantName = "[No Variations]"
Change component parameters (AddParameter): Name = "Примечания"; Value = ""; VariantName = "[No Variations]"
Change component parameters (AddParameter): Name = "Тип"; Value = "Конденсатор"; VariantName = "[No Variations]"
Change component parameters: Designator = "C14"; Footprint = "CA0612"; UniqueID = "\XRGZNKLA"
Change component parameters. Clean all parameters for all variants
Change component parameters (AddParameter): Name = "Идентификатор"; Value = "CA0612KRX7R7BB104  "; VariantName = "[No Variations]"
Change component parameters (AddParameter): Name = "Корпус"; Value = "SMD 0612"; VariantName = "[No Variations]"
Change component parameters (AddParameter): Name = "Наименование"; Value = "CA0612KRX7R7BB104  "; VariantName = "[No Variations]"
Change component parameters (AddParameter): Name = "Напряжение"; Value = ""; VariantName = "[No Variations]"
Change component parameters (AddParameter): Name = "Номинал"; Value = "0.1 uF"; VariantName = "[No Variations]"
Change component parameters (AddParameter): Name = "Поставщик"; Value = ""; VariantName = "[No Variations]"
Change component parameters (AddParameter): Name = "Примечания"; Value = ""; VariantName = "[No Variations]"
Change component parameters (AddParameter): Name = "Тип"; Value = "Конденсатор"; VariantName = "[No Variations]"
Change component parameters: Designator = "C19"; Footprint = "CA0612"; UniqueID = "\IHBWOIHU"
Change component parameters. Clean all parameters for all variants
Change component parameters (AddParameter): Name = "Идентификатор"; Value = "CA0612KRX7R7BB104  "; VariantName = "[No Variations]"
Change component parameters (AddParameter): Name = "Корпус"; Value = "SMD 0612"; VariantName = "[No Variations]"
Change component parameters (AddParameter): Name = "Наименование"; Value = "CA0612KRX7R7BB104  "; VariantName = "[No Variations]"
Change component parameters (AddParameter): Name = "Напряжение"; Value = ""; VariantName = "[No Variations]"
Change component parameters (AddParameter): Name = "Номинал"; Value = "0.1 uF"; VariantName = "[No Variations]"
Change component parameters (AddParameter): Name = "Поставщик"; Value = ""; VariantName = "[No Variations]"
Change component parameters (AddParameter): Name = "Примечания"; Value = ""; VariantName = "[No Variations]"
Change component parameters (AddParameter): Name = "Тип"; Value = "Конденсатор"; VariantName = "[No Variations]"
Change component parameters: Designator = "R2"; Footprint = "YC-164"; UniqueID = "\PUESSGCY"
Change component parameters. Clean all parameters for all variants
Change component parameters (AddParameter): Name = "Идентификатор"; Value = "YC164-JR-072KL  "; VariantName = "[No Variations]"
Change component parameters (AddParameter): Name = "Корпус"; Value = "0805"; VariantName = "[No Variations]"
Change component parameters (AddParameter): Name = "Наименование"; Value = "YC164-JR-072KL  "; VariantName = "[No Variations]"
Change component parameters (AddParameter): Name = "Напряжение"; Value = ""; VariantName = "[No Variations]"
Change component parameters (AddParameter): Name = "Номинал"; Value = "2k"; VariantName = "[No Variations]"
Change component parameters (AddParameter): Name = "Поставщик"; Value = ""; VariantName = "[No Variations]"
Change component parameters (AddParameter): Name = "Примечания"; Value = ""; VariantName = "[No Variations]"
Change component parameters (AddParameter): Name = "Тип"; Value = "Резистор"; VariantName = "[No Variations]"
Change component parameters: Designator = "R3"; Footprint = "YC-164"; UniqueID = "\PBCGILVJ"
Change component parameters. Clean all parameters for all variants
Change component parameters (AddParameter): Name = "Идентификатор"; Value = "YC164-JR-073KL   "; VariantName = "[No Variations]"
Change component parameters (AddParameter): Name = "Корпус"; Value = "0805"; VariantName = "[No Variations]"
Change component parameters (AddParameter): Name = "Наименование"; Value = "YC164-JR-073KL   "; VariantName = "[No Variations]"
Change component parameters (AddParameter): Name = "Напряжение"; Value = ""; VariantName = "[No Variations]"
Change component parameters (AddParameter): Name = "Номинал"; Value = "3k"; VariantName = "[No Variations]"
Change component parameters (AddParameter): Name = "Поставщик"; Value = ""; VariantName = "[No Variations]"
Change component parameters (AddParameter): Name = "Примечания"; Value = ""; VariantName = "[No Variations]"
Change component parameters (AddParameter): Name = "Тип"; Value = "Резистор"; VariantName = "[No Variations]"
Change component parameters: Designator = "R7"; Footprint = "YC-164"; UniqueID = "\PESGIQXC"
Change component parameters. Clean all parameters for all variants
Change component parameters (AddParameter): Name = "Идентификатор"; Value = "YC164-JR-072KL  "; VariantName = "[No Variations]"
Change component parameters (AddParameter): Name = "Корпус"; Value = "0805"; VariantName = "[No Variations]"
Change component parameters (AddParameter): Name = "Наименование"; Value = "YC164-JR-072KL  "; VariantName = "[No Variations]"
Change component parameters (AddParameter): Name = "Напряжение"; Value = ""; VariantName = "[No Variations]"
Change component parameters (AddParameter): Name = "Номинал"; Value = "2k"; VariantName = "[No Variations]"
Change component parameters (AddParameter): Name = "Поставщик"; Value = ""; VariantName = "[No Variations]"
Change component parameters (AddParameter): Name = "Примечания"; Value = ""; VariantName = "[No Variations]"
Change component parameters (AddParameter): Name = "Тип"; Value = "Резистор"; VariantName = "[No Variations]"
Change component parameters: Designator = "R8"; Footprint = "YC-164"; UniqueID = "\IGFGXBGR"
Change component parameters. Clean all parameters for all variants
Change component parameters (AddParameter): Name = "Идентификатор"; Value = "YC164-JR-073KL   "; VariantName = "[No Variations]"
Change component parameters (AddParameter): Name = "Корпус"; Value = "0805"; VariantName = "[No Variations]"
Change component parameters (AddParameter): Name = "Наименование"; Value = "YC164-JR-073KL   "; VariantName = "[No Variations]"
Change component parameters (AddParameter): Name = "Напряжение"; Value = ""; VariantName = "[No Variations]"
Change component parameters (AddParameter): Name = "Номинал"; Value = "3k"; VariantName = "[No Variations]"
Change component parameters (AddParameter): Name = "Поставщик"; Value = ""; VariantName = "[No Variations]"
Change component parameters (AddParameter): Name = "Примечания"; Value = ""; VariantName = "[No Variations]"
Change component parameters (AddParameter): Name = "Тип"; Value = "Резистор"; VariantName = "[No Variations]"
Change component parameters: Designator = "R9"; Footprint = "YC-164"; UniqueID = "\AHNRDEOS"
Change component parameters. Clean all parameters for all variants
Change component parameters (AddParameter): Name = "Идентификатор"; Value = "YC164-JR-073KL   "; VariantName = "[No Variations]"
Change component parameters (AddParameter): Name = "Корпус"; Value = "0805"; VariantName = "[No Variations]"
Change component parameters (AddParameter): Name = "Наименование"; Value = "YC164-JR-073KL   "; VariantName = "[No Variations]"
Change component parameters (AddParameter): Name = "Напряжение"; Value = ""; VariantName = "[No Variations]"
Change component parameters (AddParameter): Name = "Номинал"; Value = "3k"; VariantName = "[No Variations]"
Change component parameters (AddParameter): Name = "Поставщик"; Value = ""; VariantName = "[No Variations]"
Change component parameters (AddParameter): Name = "Примечания"; Value = ""; VariantName = "[No Variations]"
Change component parameters (AddParameter): Name = "Тип"; Value = "Резистор"; VariantName = "[No Variations]"
Change component parameters: Designator = "R10"; Footprint = "YC-164"; UniqueID = "\WTIHOQLE"
Change component parameters. Clean all parameters for all variants
Change component parameters (AddParameter): Name = "Идентификатор"; Value = "YC164-JR-072KL  "; VariantName = "[No Variations]"
Change component parameters (AddParameter): Name = "Корпус"; Value = "0805"; VariantName = "[No Variations]"
Change component parameters (AddParameter): Name = "Наименование"; Value = "YC164-JR-072KL  "; VariantName = "[No Variations]"
Change component parameters (AddParameter): Name = "Напряжение"; Value = ""; VariantName = "[No Variations]"
Change component parameters (AddParameter): Name = "Номинал"; Value = "2k"; VariantName = "[No Variations]"
Change component parameters (AddParameter): Name = "Поставщик"; Value = ""; VariantName = "[No Variations]"
Change component parameters (AddParameter): Name = "Примечания"; Value = ""; VariantName = "[No Variations]"
Change component parameters (AddParameter): Name = "Тип"; Value = "Резистор"; VariantName = "[No Variations]"
Change component parameters: Designator = "R12"; Footprint = "YC-164"; UniqueID = "\LDEQPYSB"
Change component parameters. Clean all parameters for all variants
Change component parameters (AddParameter): Name = "Идентификатор"; Value = "YC164-JR-072KL  "; VariantName = "[No Variations]"
Change component parameters (AddParameter): Name = "Корпус"; Value = "0805"; VariantName = "[No Variations]"
Change component parameters (AddParameter): Name = "Наименование"; Value = "YC164-JR-072KL  "; VariantName = "[No Variations]"
Change component parameters (AddParameter): Name = "Напряжение"; Value = ""; VariantName = "[No Variations]"
Change component parameters (AddParameter): Name = "Номинал"; Value = "2k"; VariantName = "[No Variations]"
Change component parameters (AddParameter): Name = "Поставщик"; Value = ""; VariantName = "[No Variations]"
Change component parameters (AddParameter): Name = "Примечания"; Value = ""; VariantName = "[No Variations]"
Change component parameters (AddParameter): Name = "Тип"; Value = "Резистор"; VariantName = "[No Variations]"
Change component parameters: Designator = "R13"; Footprint = "YC-164"; UniqueID = "\MEBTYESB"
Change component parameters. Clean all parameters for all variants
Change component parameters (AddParameter): Name = "Идентификатор"; Value = "YC164-JR-073KL   "; VariantName = "[No Variations]"
Change component parameters (AddParameter): Name = "Корпус"; Value = "0805"; VariantName = "[No Variations]"
Change component parameters (AddParameter): Name = "Наименование"; Value = "YC164-JR-073KL   "; VariantName = "[No Variations]"
Change component parameters (AddParameter): Name = "Напряжение"; Value = ""; VariantName = "[No Variations]"
Change component parameters (AddParameter): Name = "Номинал"; Value = "3k"; VariantName = "[No Variations]"
Change component parameters (AddParameter): Name = "Поставщик"; Value = ""; VariantName = "[No Variations]"
Change component parameters (AddParameter): Name = "Примечания"; Value = ""; VariantName = "[No Variations]"
Change component parameters (AddParameter): Name = "Тип"; Value = "Резистор"; VariantName = "[No Variations]"
Change component parameters: Designator = "VD1"; Footprint = "SOT-363"; UniqueID = "\ZZMLTHCC"
Change component parameters. Clean all parameters for all variants
Change component parameters (AddParameter): Name = "Идентификатор"; Value = "PESD3V3L5UY "; VariantName = "[No Variations]"
Change component parameters (AddParameter): Name = "Корпус"; Value = "SMC"; VariantName = "[No Variations]"
Change component parameters (AddParameter): Name = "Наименование"; Value = "PESD3V3L5UY "; VariantName = "[No Variations]"
Change component parameters (AddParameter): Name = "Напряжение"; Value = "3.3V"; VariantName = "[No Variations]"
Change component parameters (AddParameter): Name = "Номинал"; Value = ""; VariantName = "[No Variations]"
Change component parameters (AddParameter): Name = "Поставщик"; Value = ""; VariantName = "[No Variations]"
Change component parameters (AddParameter): Name = "Примечания"; Value = ""; VariantName = "[No Variations]"
Change component parameters (AddParameter): Name = "Тип"; Value = "Диод"; VariantName = "[No Variations]"
Change component parameters: Designator = "VD2"; Footprint = "SOT-363"; UniqueID = "\PKAXLCHQ"
Change component parameters. Clean all parameters for all variants
Change component parameters (AddParameter): Name = "Идентификатор"; Value = "PESD3V3L5UY "; VariantName = "[No Variations]"
Change component parameters (AddParameter): Name = "Корпус"; Value = "SMC"; VariantName = "[No Variations]"
Change component parameters (AddParameter): Name = "Наименование"; Value = "PESD3V3L5UY "; VariantName = "[No Variations]"
Change component parameters (AddParameter): Name = "Напряжение"; Value = "3.3V"; VariantName = "[No Variations]"
Change component parameters (AddParameter): Name = "Номинал"; Value = ""; VariantName = "[No Variations]"
Change component parameters (AddParameter): Name = "Поставщик"; Value = ""; VariantName = "[No Variations]"
Change component parameters (AddParameter): Name = "Примечания"; Value = ""; VariantName = "[No Variations]"
Change component parameters (AddParameter): Name = "Тип"; Value = "Диод"; VariantName = "[No Variations]"
Change component parameters: Designator = "VD3"; Footprint = "SOT-363"; UniqueID = "\BNKOKCZY"
Change component parameters. Clean all parameters for all variants
Change component parameters (AddParameter): Name = "Идентификатор"; Value = "PESD3V3L5UY "; VariantName = "[No Variations]"
Change component parameters (AddParameter): Name = "Корпус"; Value = "SMC"; VariantName = "[No Variations]"
Change component parameters (AddParameter): Name = "Наименование"; Value = "PESD3V3L5UY "; VariantName = "[No Variations]"
Change component parameters (AddParameter): Name = "Напряжение"; Value = "3.3V"; VariantName = "[No Variations]"
Change component parameters (AddParameter): Name = "Номинал"; Value = ""; VariantName = "[No Variations]"
Change component parameters (AddParameter): Name = "Поставщик"; Value = ""; VariantName = "[No Variations]"
Change component parameters (AddParameter): Name = "Примечания"; Value = ""; VariantName = "[No Variations]"
Change component parameters (AddParameter): Name = "Тип"; Value = "Диод"; VariantName = "[No Variations]"
Change component parameters: Designator = "VD4"; Footprint = "SOT-363"; UniqueID = "\RGMHVOTH"
Change component parameters. Clean all parameters for all variants
Change component parameters (AddParameter): Name = "Идентификатор"; Value = "PESD3V3L5UY "; VariantName = "[No Variations]"
Change component parameters (AddParameter): Name = "Корпус"; Value = "SMC"; VariantName = "[No Variations]"
Change component parameters (AddParameter): Name = "Наименование"; Value = "PESD3V3L5UY "; VariantName = "[No Variations]"
Change component parameters (AddParameter): Name = "Напряжение"; Value = "3.3V"; VariantName = "[No Variations]"
Change component parameters (AddParameter): Name = "Номинал"; Value = ""; VariantName = "[No Variations]"
Change component parameters (AddParameter): Name = "Поставщик"; Value = ""; VariantName = "[No Variations]"
Change component parameters (AddParameter): Name = "Примечания"; Value = ""; VariantName = "[No Variations]"
Change component parameters (AddParameter): Name = "Тип"; Value = "Диод"; VariantName = "[No Variations]"
Change component parameters: Designator = "VT1"; Footprint = "SOT-23"; UniqueID = "\OKPBRCUK"
Change component parameters. Clean all parameters for all variants
Change component parameters (AddParameter): Name = "Идентификатор"; Value = ""; VariantName = "[No Variations]"
Change component parameters (AddParameter): Name = "Корпус"; Value = "SOT-23"; VariantName = "[No Variations]"
Change component parameters (AddParameter): Name = "Наименование"; Value = "BC847B"; VariantName = "[No Variations]"
Change component parameters (AddParameter): Name = "Напряжение"; Value = " 45В"; VariantName = "[No Variations]"
Change component parameters (AddParameter): Name = "Номинал"; Value = " 0.1А"; VariantName = "[No Variations]"
Change component parameters (AddParameter): Name = "Поставщик"; Value = ""; VariantName = "[No Variations]"
Change component parameters (AddParameter): Name = "Примечания"; Value = ""; VariantName = "[No Variations]"
Change component parameters (AddParameter): Name = "Тип"; Value = "NPN"; VariantName = "[No Variations]"
