Removed Pin From Net: NetName=NetC13_2 Pin=R11-1
Removed Pin From Net: NetName=NetC16_2 Pin=R11-1
Removed Pin From Net: NetName=NetC17_2 Pin=R11-2
Removed Pin From Net: NetName=NetC18_2 Pin=R11-2
Removed Pin From Net: NetName=DI9_BT_MCU Pin=R11-7
Removed Pin From Net: NetName=DI12_BT Pin=R11-7
Removed Pin From Net: NetName=DI8_BT_MCU Pin=R11-8
Removed Pin From Net: NetName=DI11_BT Pin=R11-8
Change component parameters: Designator = "R11"; Footprint = "YC-164"; UniqueID = "\SEAJPOYN"
Change component parameters. Clean all parameters for all variants
Change component parameters (AddParameter): Name = "Идентификатор"; Value = "YC164-JR-07510RL"; VariantName = "[No Variations]"
Change component parameters (AddParameter): Name = "Корпус"; Value = "0805"; VariantName = "[No Variations]"
Change component parameters (AddParameter): Name = "Наименование"; Value = ""; VariantName = "[No Variations]"
Change component parameters (AddParameter): Name = "Напряжение"; Value = ""; VariantName = "[No Variations]"
Change component parameters (AddParameter): Name = "Номинал"; Value = "510"; VariantName = "[No Variations]"
Change component parameters (AddParameter): Name = "Поставщик"; Value = ""; VariantName = "[No Variations]"
Change component parameters (AddParameter): Name = "Примечания"; Value = ""; VariantName = "[No Variations]"
Change component parameters (AddParameter): Name = "Тип"; Value = "Резистор"; VariantName = "[No Variations]"
Added Pin To Net: NetName=NetC16_2 Pin=R11-1
Added Pin To Net: NetName=NetC18_2 Pin=R11-2
Added Pin To Net: NetName=DI9_BT_MCU Pin=R11-7
Added Pin To Net: NetName=DI8_BT_MCU Pin=R11-8
Added Pin To Net: NetName=NetC13_2 Pin=R12-1
Added Pin To Net: NetName=NetC17_2 Pin=R12-2
Added Pin To Net: NetName=DI12_BT Pin=R12-7
Added Pin To Net: NetName=DI11_BT Pin=R12-8
Added Pin To Net: NetName=A_GND Pin=VD1-2
