Removed Pin From Net: NetName=D_GND Pin=R8-2
Removed Pin From Net: NetName=D_GND Pin=R8-3
Removed Pin From Net: NetName=NetC7_2 Pin=R8-6
Removed Pin From Net: NetName=NetC4_2 Pin=R8-7
Removed Pin From Net: NetName=NetC11_2 Pin=R8-8
Removed Pin From Net: NetName=NetC17_2 Pin=R11-2
Removed Pin From Net: NetName=DI12_BT Pin=R11-7
Removed Pin From Net: NetName=DI11_BT Pin=R11-8
Removed Member From Class: ClassName=Ai Member=VD100
Added Component: Designator=VD1(SOT-363)
Add component. Clean all parameters for all variants
Add component (AddParameter): Name = "Идентификатор"; Value = "PESD3V3L5UY "; VariantName = "[No Variations]"
Add component (AddParameter): Name = "Корпус"; Value = "SMC"; VariantName = "[No Variations]"
Add component (AddParameter): Name = "Наименование"; Value = ""; VariantName = "[No Variations]"
Add component (AddParameter): Name = "Напряжение"; Value = "3.3V"; VariantName = "[No Variations]"
Add component (AddParameter): Name = "Номинал"; Value = ""; VariantName = "[No Variations]"
Add component (AddParameter): Name = "Поставщик"; Value = ""; VariantName = "[No Variations]"
Add component (AddParameter): Name = "Примечания"; Value = ""; VariantName = "[No Variations]"
Add component (AddParameter): Name = "Тип"; Value = "Диод"; VariantName = "[No Variations]"
Added Component: Designator=VD2(SOT-363)
Add component. Clean all parameters for all variants
Add component (AddParameter): Name = "Идентификатор"; Value = "PESD3V3L5UY "; VariantName = "[No Variations]"
Add component (AddParameter): Name = "Корпус"; Value = "SMC"; VariantName = "[No Variations]"
Add component (AddParameter): Name = "Наименование"; Value = ""; VariantName = "[No Variations]"
Add component (AddParameter): Name = "Напряжение"; Value = "3.3V"; VariantName = "[No Variations]"
Add component (AddParameter): Name = "Номинал"; Value = ""; VariantName = "[No Variations]"
Add component (AddParameter): Name = "Поставщик"; Value = ""; VariantName = "[No Variations]"
Add component (AddParameter): Name = "Примечания"; Value = ""; VariantName = "[No Variations]"
Add component (AddParameter): Name = "Тип"; Value = "Диод"; VariantName = "[No Variations]"
Added Component: Designator=VD3(SOT-363)
Add component. Clean all parameters for all variants
Add component (AddParameter): Name = "Идентификатор"; Value = "PESD3V3L5UY "; VariantName = "[No Variations]"
Add component (AddParameter): Name = "Корпус"; Value = "SMC"; VariantName = "[No Variations]"
Add component (AddParameter): Name = "Наименование"; Value = ""; VariantName = "[No Variations]"
Add component (AddParameter): Name = "Напряжение"; Value = "3.3V"; VariantName = "[No Variations]"
Add component (AddParameter): Name = "Номинал"; Value = ""; VariantName = "[No Variations]"
Add component (AddParameter): Name = "Поставщик"; Value = ""; VariantName = "[No Variations]"
Add component (AddParameter): Name = "Примечания"; Value = ""; VariantName = "[No Variations]"
Add component (AddParameter): Name = "Тип"; Value = "Диод"; VariantName = "[No Variations]"
Added Component: Designator=VD4(SOT-363)
Add component. Clean all parameters for all variants
Add component (AddParameter): Name = "Идентификатор"; Value = "PESD3V3L5UY "; VariantName = "[No Variations]"
Add component (AddParameter): Name = "Корпус"; Value = "SMC"; VariantName = "[No Variations]"
Add component (AddParameter): Name = "Наименование"; Value = ""; VariantName = "[No Variations]"
Add component (AddParameter): Name = "Напряжение"; Value = "3.3V"; VariantName = "[No Variations]"
Add component (AddParameter): Name = "Номинал"; Value = ""; VariantName = "[No Variations]"
Add component (AddParameter): Name = "Поставщик"; Value = ""; VariantName = "[No Variations]"
Add component (AddParameter): Name = "Примечания"; Value = ""; VariantName = "[No Variations]"
Add component (AddParameter): Name = "Тип"; Value = "Диод"; VariantName = "[No Variations]"
Added Pin To Net: NetName=D_GND Pin=R8-1
Added Pin To Net: NetName=D_GND Pin=R8-2
Added Pin To Net: NetName=D_GND Pin=R8-3
Added Pin To Net: NetName=NetC7_2 Pin=R8-6
Added Pin To Net: NetName=NetC4_2 Pin=R8-7
Added Pin To Net: NetName=DI11_BT_MCU Pin=R8-8
Added Pin To Net: NetName=NetC11_2 Pin=R8-8
Added Pin To Net: NetName=NetC13_2 Pin=R11-1
Added Pin To Net: NetName=NetC17_2 Pin=R11-2
Added Pin To Net: NetName=DI12_BT Pin=R11-7
Added Pin To Net: NetName=DI8_BT_MCU Pin=R11-8
Added Pin To Net: NetName=DI11_BT Pin=R11-8
Added Pin To Net: NetName=AI1_X_MCU Pin=VD1-1
Added Pin To Net: NetName=A_GND Pin=VD1-2
Added Pin To Net: NetName=D_GND Pin=VD1-2
Added Pin To Net: NetName=AI2_Y_MCU Pin=VD1-3
Added Pin To Net: NetName=DI1_MCU Pin=VD1-4
Added Pin To Net: NetName=DI2_MCU Pin=VD1-5
Added Pin To Net: NetName=DI3_MCU Pin=VD1-6
Added Pin To Net: NetName=DI4_MCU Pin=VD2-1
Added Pin To Net: NetName=D_GND Pin=VD2-2
Added Pin To Net: NetName=DI5_MCU Pin=VD2-3
Added Pin To Net: NetName=DI6_MCU Pin=VD2-4
Added Pin To Net: NetName=DI7_BT_MCU Pin=VD2-5
Added Pin To Net: NetName=DI8_BT_MCU Pin=VD3-1
Added Pin To Net: NetName=D_GND Pin=VD3-2
Added Pin To Net: NetName=DI10_BT_MCU Pin=VD3-3
Added Pin To Net: NetName=DI9_BT_MCU Pin=VD3-4
Added Pin To Net: NetName=DI11_BT_MCU Pin=VD4-1
Added Pin To Net: NetName=D_GND Pin=VD4-2
Added Pin To Net: NetName=DI12_BT_MCU Pin=VD4-3
Added Pin To Net: NetName=DI13_BT_MCU Pin=VD4-4
Added Member To Class: ClassName=Ai Member=Component R8 сборка 4шт
Added Member To Class: ClassName=Ai Member=Component R8 сборка 4шт
Added Member To Class: ClassName=Ai Member=Component R8 сборка 4шт
Added Member To Class: ClassName=Ai Member=Component R11 сборка 4шт
Added Member To Class: ClassName=Ai Member=Component R11 сборка 4шт
Added Member To Class: ClassName=Ai Member=Component R? 0805
Added Member To Class: ClassName=Ai Member=Component VD1 сборка 5шт
Added Member To Class: ClassName=Ai Member=Component VD2 сборка 5шт
Added Member To Class: ClassName=Ai Member=Component VD3 сборка 5шт
Added Member To Class: ClassName=Ai Member=Component VD4 сборка 5шт
