Removed Pin From Net: NetName=NetC7_2 Pin=R4-1
Removed Pin From Net: NetName=NetC12_2 Pin=R4-2
Removed Pin From Net: NetName=NetC15_2 Pin=R4-3
Removed Pin From Net: NetName=DI7_BT_MCU Pin=R4-6
Removed Pin From Net: NetName=DI6_MCU Pin=R4-7
Removed Pin From Net: NetName=DI5_MCU Pin=R4-8
Removed Pin From Net: NetName=NetC13_2 Pin=R11-1
Removed Pin From Net: NetName=NetC17_2 Pin=R11-2
Removed Pin From Net: NetName=DI12_BT Pin=R11-7
Removed Pin From Net: NetName=DI11_BT Pin=R11-8
Removed Member From Class: ClassName=Ai Member=R66
Change Component Designator: OldDesignator=R4 NewDesignator=R11
Change component parameters: Designator = "R11"; Footprint = "YC-164"; UniqueID = "\SMPKXZWH"
Change component parameters. Clean all parameters for all variants
Change component parameters (AddParameter): Name = "Идентификатор"; Value = "YC164-JR-072KL  "; VariantName = "[No Variations]"
Change component parameters (AddParameter): Name = "Корпус"; Value = "0805"; VariantName = "[No Variations]"
Change component parameters (AddParameter): Name = "Наименование"; Value = ""; VariantName = "[No Variations]"
Change component parameters (AddParameter): Name = "Напряжение"; Value = ""; VariantName = "[No Variations]"
Change component parameters (AddParameter): Name = "Номинал"; Value = "2k"; VariantName = "[No Variations]"
Change component parameters (AddParameter): Name = "Поставщик"; Value = ""; VariantName = "[No Variations]"
Change component parameters (AddParameter): Name = "Примечания"; Value = ""; VariantName = "[No Variations]"
Change component parameters (AddParameter): Name = "Тип"; Value = "Резистор"; VariantName = "[No Variations]"
Added Component: Designator=R4(YC-164)
Add component. Clean all parameters for all variants
Add component (AddParameter): Name = "Идентификатор"; Value = "YC164-JR-07510RL"; VariantName = "[No Variations]"
Add component (AddParameter): Name = "Корпус"; Value = "0805"; VariantName = "[No Variations]"
Add component (AddParameter): Name = "Наименование"; Value = ""; VariantName = "[No Variations]"
Add component (AddParameter): Name = "Напряжение"; Value = ""; VariantName = "[No Variations]"
Add component (AddParameter): Name = "Номинал"; Value = "510"; VariantName = "[No Variations]"
Add component (AddParameter): Name = "Поставщик"; Value = ""; VariantName = "[No Variations]"
Add component (AddParameter): Name = "Примечания"; Value = ""; VariantName = "[No Variations]"
Add component (AddParameter): Name = "Тип"; Value = "Резистор"; VariantName = "[No Variations]"
Added Pin To Net: NetName=NetC7_2 Pin=R4-1
Added Pin To Net: NetName=NetC12_2 Pin=R4-2
Added Pin To Net: NetName=DI6_MCU Pin=R4-7
Added Pin To Net: NetName=DI5_MCU Pin=R4-8
Added Pin To Net: NetName=NetC13_2 Pin=R11-1
Added Pin To Net: NetName=NetC16_2 Pin=R11-1
Added Pin To Net: NetName=NetC17_2 Pin=R11-2
Added Pin To Net: NetName=NetC20_2 Pin=R11-3
Added Pin To Net: NetName=NetC15_2 Pin=R11-4
Added Pin To Net: NetName=DI7_BT_MCU Pin=R11-5
Added Pin To Net: NetName=DI10_BT_MCU Pin=R11-6
Added Pin To Net: NetName=DI12_BT Pin=R11-7
Added Pin To Net: NetName=DI8_BT_MCU Pin=R11-8
Added Pin To Net: NetName=DI11_BT Pin=R11-8
Added Pin To Net: NetName=A_GND Pin=VD1-2
Added Member To Class: ClassName=Ai Member=Component R8 сборка 4шт
Added Member To Class: ClassName=Ai Member=Component R11 сборка 4шт
Added Member To Class: ClassName=Ai Member=Component R11 сборка 4шт
Added Member To Class: ClassName=Ai Member=Component R14 сборка 4шт
