Removed Pin From Net: NetName=NetC13_2 Pin=R8-1
Removed Pin From Net: NetName=D_GND Pin=R8-2
Removed Pin From Net: NetName=NetC17_2 Pin=R8-2
Removed Pin From Net: NetName=D_GND Pin=R8-3
Removed Pin From Net: NetName=NetC7_2 Pin=R8-6
Removed Pin From Net: NetName=DI12_BT_MCU Pin=R8-7
Removed Pin From Net: NetName=NetC4_2 Pin=R8-7
Removed Pin From Net: NetName=NetC11_2 Pin=R8-8
Removed Pin From Net: NetName=NetC17_2 Pin=R11-2
Removed Pin From Net: NetName=DI12_BT Pin=R11-7
Removed Pin From Net: NetName=DI11_BT Pin=R11-8
Removed Member From Class: ClassName=Ai Member=R65
Change Component Designator: OldDesignator=R8 NewDesignator=R12
Change Component Designator: OldDesignator=R12 NewDesignator=R11
Change component parameters: Designator = "R11"; Footprint = "YC-164"; UniqueID = "\VCDNPGWK"
Change component parameters. Clean all parameters for all variants
Change component parameters (AddParameter): Name = "Идентификатор"; Value = "YC164-JR-07510RL"; VariantName = "[No Variations]"
Change component parameters (AddParameter): Name = "Корпус"; Value = "0805"; VariantName = "[No Variations]"
Change component parameters (AddParameter): Name = "Наименование"; Value = ""; VariantName = "[No Variations]"
Change component parameters (AddParameter): Name = "Напряжение"; Value = ""; VariantName = "[No Variations]"
Change component parameters (AddParameter): Name = "Номинал"; Value = "510"; VariantName = "[No Variations]"
Change component parameters (AddParameter): Name = "Поставщик"; Value = ""; VariantName = "[No Variations]"
Change component parameters (AddParameter): Name = "Примечания"; Value = ""; VariantName = "[No Variations]"
Change component parameters (AddParameter): Name = "Тип"; Value = "Резистор"; VariantName = "[No Variations]"
Added Pin To Net: NetName=NetC13_2 Pin=R8-1
Added Pin To Net: NetName=NetC17_2 Pin=R8-2
Added Pin To Net: NetName=DI12_BT_MCU Pin=R8-7
Added Pin To Net: NetName=DI11_BT_MCU Pin=R8-8
Added Pin To Net: NetName=NetC13_2 Pin=R11-1
Added Pin To Net: NetName=NetC17_2 Pin=R11-2
Added Pin To Net: NetName=DI12_BT Pin=R11-7
Added Pin To Net: NetName=DI8_BT_MCU Pin=R11-8
Added Pin To Net: NetName=DI11_BT Pin=R11-8
Added Pin To Net: NetName=D_GND Pin=R12-1
Added Pin To Net: NetName=D_GND Pin=R12-2
Added Pin To Net: NetName=D_GND Pin=R12-3
Added Pin To Net: NetName=NetC7_2 Pin=R12-6
Added Pin To Net: NetName=NetC4_2 Pin=R12-7
Added Pin To Net: NetName=NetC11_2 Pin=R12-8
Added Pin To Net: NetName=D_GND Pin=VD1-2
Added Member To Class: ClassName=Ai Member=Component R5 0805
Added Member To Class: ClassName=Ai Member=Component R11 сборка 4шт
Added Member To Class: ClassName=Ai Member=Component R11 сборка 4шт
Added Member To Class: ClassName=Ai Member=Component R11 сборка 4шт
