Removed Pin From Net: NetName=D_GND Pin=R8-2
Removed Pin From Net: NetName=D_GND Pin=R8-3
Removed Pin From Net: NetName=NetC7_2 Pin=R8-6
Removed Pin From Net: NetName=NetC4_2 Pin=R8-7
Removed Pin From Net: NetName=NetC11_2 Pin=R8-8
Removed Pin From Net: NetName=NetC17_2 Pin=R11-2
Removed Pin From Net: NetName=DI12_BT Pin=R11-7
Removed Pin From Net: NetName=DI11_BT Pin=R11-8
Added Pin To Net: NetName=D_GND Pin=R8-1
Added Pin To Net: NetName=D_GND Pin=R8-2
Added Pin To Net: NetName=D_GND Pin=R8-3
Added Pin To Net: NetName=NetC7_2 Pin=R8-6
Added Pin To Net: NetName=NetC4_2 Pin=R8-7
Added Pin To Net: NetName=DI11_BT_MCU Pin=R8-8
Added Pin To Net: NetName=NetC11_2 Pin=R8-8
Added Pin To Net: NetName=NetC13_2 Pin=R11-1
Added Pin To Net: NetName=NetC17_2 Pin=R11-2
Added Pin To Net: NetName=DI12_BT Pin=R11-7
Added Pin To Net: NetName=DI8_BT_MCU Pin=R11-8
Added Pin To Net: NetName=DI11_BT Pin=R11-8
Added Member To Class: ClassName=Ai Member=Component R8 סבמנךא 4רע
Added Member To Class: ClassName=Ai Member=Component R8 סבמנךא 4רע
Added Member To Class: ClassName=Ai Member=Component R8 סבמנךא 4רע
Added Member To Class: ClassName=Ai Member=Component R11 סבמנךא 4רע
Added Member To Class: ClassName=Ai Member=Component R11 סבמנךא 4רע
Added Member To Class: ClassName=Ai Member=Component R? 0805
