Removed Pin From Net: NetName=D_GND Pin=R8-1
Removed Pin From Net: NetName=D_GND Pin=R8-2
Removed Pin From Net: NetName=D_GND Pin=R8-3
Removed Pin From Net: NetName=NetC7_2 Pin=R8-6
Removed Pin From Net: NetName=NetC4_2 Pin=R8-7
Removed Pin From Net: NetName=NetC11_2 Pin=R8-8
Removed Pin From Net: NetName=NetC13_2 Pin=R11-1
Removed Pin From Net: NetName=NetC17_2 Pin=R11-2
Removed Pin From Net: NetName=DI12_BT Pin=R11-7
Removed Pin From Net: NetName=DI11_BT Pin=R11-8
Change component parameters: Designator = "C3"; Footprint = "CA0612"; UniqueID = "\VCNUUTWV"
Change component parameters. Clean all parameters for all variants
Change component parameters (AddParameter): Name = "Идентификатор"; Value = "CA0612KRX7R7BB104  "; VariantName = "[No Variations]"
Change component parameters (AddParameter): Name = "Корпус"; Value = ""; VariantName = "[No Variations]"
Change component parameters (AddParameter): Name = "Наименование"; Value = ""; VariantName = "[No Variations]"
Change component parameters (AddParameter): Name = "Напряжение"; Value = ""; VariantName = "[No Variations]"
Change component parameters (AddParameter): Name = "Номинал"; Value = "0.1u"; VariantName = "[No Variations]"
Change component parameters (AddParameter): Name = "Поставщик"; Value = ""; VariantName = "[No Variations]"
Change component parameters (AddParameter): Name = "Примечания"; Value = ""; VariantName = "[No Variations]"
Change component parameters (AddParameter): Name = "Тип"; Value = "Конденсатор"; VariantName = "[No Variations]"
Change component parameters: Designator = "C8"; Footprint = "CA0612"; UniqueID = "\LWIXPIEI"
Change component parameters. Clean all parameters for all variants
Change component parameters (AddParameter): Name = "Идентификатор"; Value = "CA0612KRX7R7BB104  "; VariantName = "[No Variations]"
Change component parameters (AddParameter): Name = "Корпус"; Value = ""; VariantName = "[No Variations]"
Change component parameters (AddParameter): Name = "Наименование"; Value = ""; VariantName = "[No Variations]"
Change component parameters (AddParameter): Name = "Напряжение"; Value = ""; VariantName = "[No Variations]"
Change component parameters (AddParameter): Name = "Номинал"; Value = "0.1u"; VariantName = "[No Variations]"
Change component parameters (AddParameter): Name = "Поставщик"; Value = ""; VariantName = "[No Variations]"
Change component parameters (AddParameter): Name = "Примечания"; Value = ""; VariantName = "[No Variations]"
Change component parameters (AddParameter): Name = "Тип"; Value = "Конденсатор"; VariantName = "[No Variations]"
Change component parameters: Designator = "C14"; Footprint = "CA0612"; UniqueID = "\XRGZNKLA"
Change component parameters. Clean all parameters for all variants
Change component parameters (AddParameter): Name = "Идентификатор"; Value = "CA0612KRX7R7BB104  "; VariantName = "[No Variations]"
Change component parameters (AddParameter): Name = "Корпус"; Value = ""; VariantName = "[No Variations]"
Change component parameters (AddParameter): Name = "Наименование"; Value = ""; VariantName = "[No Variations]"
Change component parameters (AddParameter): Name = "Напряжение"; Value = ""; VariantName = "[No Variations]"
Change component parameters (AddParameter): Name = "Номинал"; Value = "0.1u"; VariantName = "[No Variations]"
Change component parameters (AddParameter): Name = "Поставщик"; Value = ""; VariantName = "[No Variations]"
Change component parameters (AddParameter): Name = "Примечания"; Value = ""; VariantName = "[No Variations]"
Change component parameters (AddParameter): Name = "Тип"; Value = "Конденсатор"; VariantName = "[No Variations]"
Change component parameters: Designator = "C19"; Footprint = "CA0612"; UniqueID = "\IHBWOIHU"
Change component parameters. Clean all parameters for all variants
Change component parameters (AddParameter): Name = "Идентификатор"; Value = "CA0612KRX7R7BB104  "; VariantName = "[No Variations]"
Change component parameters (AddParameter): Name = "Корпус"; Value = ""; VariantName = "[No Variations]"
Change component parameters (AddParameter): Name = "Наименование"; Value = ""; VariantName = "[No Variations]"
Change component parameters (AddParameter): Name = "Напряжение"; Value = ""; VariantName = "[No Variations]"
Change component parameters (AddParameter): Name = "Номинал"; Value = "0.1u"; VariantName = "[No Variations]"
Change component parameters (AddParameter): Name = "Поставщик"; Value = ""; VariantName = "[No Variations]"
Change component parameters (AddParameter): Name = "Примечания"; Value = ""; VariantName = "[No Variations]"
Change component parameters (AddParameter): Name = "Тип"; Value = "Конденсатор"; VariantName = "[No Variations]"
Change component parameters: Designator = "R2"; Footprint = "YC-164"; UniqueID = "\PUESSGCY"
Change component parameters. Clean all parameters for all variants
Change component parameters (AddParameter): Name = "Идентификатор"; Value = "YC164-JR-072KL  "; VariantName = "[No Variations]"
Change component parameters (AddParameter): Name = "Корпус"; Value = "0805"; VariantName = "[No Variations]"
Change component parameters (AddParameter): Name = "Наименование"; Value = ""; VariantName = "[No Variations]"
Change component parameters (AddParameter): Name = "Напряжение"; Value = ""; VariantName = "[No Variations]"
Change component parameters (AddParameter): Name = "Номинал"; Value = "2k"; VariantName = "[No Variations]"
Change component parameters (AddParameter): Name = "Поставщик"; Value = ""; VariantName = "[No Variations]"
Change component parameters (AddParameter): Name = "Примечания"; Value = ""; VariantName = "[No Variations]"
Change component parameters (AddParameter): Name = "Тип"; Value = "Резистор"; VariantName = "[No Variations]"
Change component parameters: Designator = "R3"; Footprint = "YC-164"; UniqueID = "\PBCGILVJ"
Change component parameters. Clean all parameters for all variants
Change component parameters (AddParameter): Name = "Идентификатор"; Value = "YC164-JR-073KL   "; VariantName = "[No Variations]"
Change component parameters (AddParameter): Name = "Корпус"; Value = "0805"; VariantName = "[No Variations]"
Change component parameters (AddParameter): Name = "Наименование"; Value = ""; VariantName = "[No Variations]"
Change component parameters (AddParameter): Name = "Напряжение"; Value = ""; VariantName = "[No Variations]"
Change component parameters (AddParameter): Name = "Номинал"; Value = "3k"; VariantName = "[No Variations]"
Change component parameters (AddParameter): Name = "Поставщик"; Value = ""; VariantName = "[No Variations]"
Change component parameters (AddParameter): Name = "Примечания"; Value = ""; VariantName = "[No Variations]"
Change component parameters (AddParameter): Name = "Тип"; Value = "Резистор"; VariantName = "[No Variations]"
Change component parameters: Designator = "R7"; Footprint = "YC-164"; UniqueID = "\PESGIQXC"
Change component parameters. Clean all parameters for all variants
Change component parameters (AddParameter): Name = "Идентификатор"; Value = "YC164-JR-072KL  "; VariantName = "[No Variations]"
Change component parameters (AddParameter): Name = "Корпус"; Value = "0805"; VariantName = "[No Variations]"
Change component parameters (AddParameter): Name = "Наименование"; Value = ""; VariantName = "[No Variations]"
Change component parameters (AddParameter): Name = "Напряжение"; Value = ""; VariantName = "[No Variations]"
Change component parameters (AddParameter): Name = "Номинал"; Value = "2k"; VariantName = "[No Variations]"
Change component parameters (AddParameter): Name = "Поставщик"; Value = ""; VariantName = "[No Variations]"
Change component parameters (AddParameter): Name = "Примечания"; Value = ""; VariantName = "[No Variations]"
Change component parameters (AddParameter): Name = "Тип"; Value = "Резистор"; VariantName = "[No Variations]"
Change component parameters: Designator = "R8"; Footprint = "YC-164"; UniqueID = "\IGFGXBGR"
Change component parameters. Clean all parameters for all variants
Change component parameters (AddParameter): Name = "Идентификатор"; Value = "YC164-JR-073KL   "; VariantName = "[No Variations]"
Change component parameters (AddParameter): Name = "Корпус"; Value = "0805"; VariantName = "[No Variations]"
Change component parameters (AddParameter): Name = "Наименование"; Value = ""; VariantName = "[No Variations]"
Change component parameters (AddParameter): Name = "Напряжение"; Value = ""; VariantName = "[No Variations]"
Change component parameters (AddParameter): Name = "Номинал"; Value = "3k"; VariantName = "[No Variations]"
Change component parameters (AddParameter): Name = "Поставщик"; Value = ""; VariantName = "[No Variations]"
Change component parameters (AddParameter): Name = "Примечания"; Value = ""; VariantName = "[No Variations]"
Change component parameters (AddParameter): Name = "Тип"; Value = "Резистор"; VariantName = "[No Variations]"
Change component parameters: Designator = "R9"; Footprint = "YC-164"; UniqueID = "\AHNRDEOS"
Change component parameters. Clean all parameters for all variants
Change component parameters (AddParameter): Name = "Идентификатор"; Value = "YC164-JR-073KL   "; VariantName = "[No Variations]"
Change component parameters (AddParameter): Name = "Корпус"; Value = "0805"; VariantName = "[No Variations]"
Change component parameters (AddParameter): Name = "Наименование"; Value = ""; VariantName = "[No Variations]"
Change component parameters (AddParameter): Name = "Напряжение"; Value = ""; VariantName = "[No Variations]"
Change component parameters (AddParameter): Name = "Номинал"; Value = "3k"; VariantName = "[No Variations]"
Change component parameters (AddParameter): Name = "Поставщик"; Value = ""; VariantName = "[No Variations]"
Change component parameters (AddParameter): Name = "Примечания"; Value = ""; VariantName = "[No Variations]"
Change component parameters (AddParameter): Name = "Тип"; Value = "Резистор"; VariantName = "[No Variations]"
Change component parameters: Designator = "R10"; Footprint = "YC-164"; UniqueID = "\WTIHOQLE"
Change component parameters. Clean all parameters for all variants
Change component parameters (AddParameter): Name = "Идентификатор"; Value = "YC164-JR-072KL  "; VariantName = "[No Variations]"
Change component parameters (AddParameter): Name = "Корпус"; Value = "0805"; VariantName = "[No Variations]"
Change component parameters (AddParameter): Name = "Наименование"; Value = ""; VariantName = "[No Variations]"
Change component parameters (AddParameter): Name = "Напряжение"; Value = ""; VariantName = "[No Variations]"
Change component parameters (AddParameter): Name = "Номинал"; Value = "2k"; VariantName = "[No Variations]"
Change component parameters (AddParameter): Name = "Поставщик"; Value = ""; VariantName = "[No Variations]"
Change component parameters (AddParameter): Name = "Примечания"; Value = ""; VariantName = "[No Variations]"
Change component parameters (AddParameter): Name = "Тип"; Value = "Резистор"; VariantName = "[No Variations]"
Change component parameters: Designator = "R11"; Footprint = "YC-164"; UniqueID = "\VCDNPGWK"
Change component parameters. Clean all parameters for all variants
Change component parameters (AddParameter): Name = "Идентификатор"; Value = "YC164-JR-072KL  "; VariantName = "[No Variations]"
Change component parameters (AddParameter): Name = "Корпус"; Value = "0805"; VariantName = "[No Variations]"
Change component parameters (AddParameter): Name = "Наименование"; Value = ""; VariantName = "[No Variations]"
Change component parameters (AddParameter): Name = "Напряжение"; Value = ""; VariantName = "[No Variations]"
Change component parameters (AddParameter): Name = "Номинал"; Value = "2k"; VariantName = "[No Variations]"
Change component parameters (AddParameter): Name = "Поставщик"; Value = ""; VariantName = "[No Variations]"
Change component parameters (AddParameter): Name = "Примечания"; Value = ""; VariantName = "[No Variations]"
Change component parameters (AddParameter): Name = "Тип"; Value = "Резистор"; VariantName = "[No Variations]"
Change component parameters: Designator = "R12"; Footprint = "YC-164"; UniqueID = "\LDEQPYSB"
Change component parameters. Clean all parameters for all variants
Change component parameters (AddParameter): Name = "Идентификатор"; Value = "YC164-JR-072KL  "; VariantName = "[No Variations]"
Change component parameters (AddParameter): Name = "Корпус"; Value = "0805"; VariantName = "[No Variations]"
Change component parameters (AddParameter): Name = "Наименование"; Value = ""; VariantName = "[No Variations]"
Change component parameters (AddParameter): Name = "Напряжение"; Value = ""; VariantName = "[No Variations]"
Change component parameters (AddParameter): Name = "Номинал"; Value = "2k"; VariantName = "[No Variations]"
Change component parameters (AddParameter): Name = "Поставщик"; Value = ""; VariantName = "[No Variations]"
Change component parameters (AddParameter): Name = "Примечания"; Value = ""; VariantName = "[No Variations]"
Change component parameters (AddParameter): Name = "Тип"; Value = "Резистор"; VariantName = "[No Variations]"
Change component parameters: Designator = "R13"; Footprint = "YC-164"; UniqueID = "\MEBTYESB"
Change component parameters. Clean all parameters for all variants
Change component parameters (AddParameter): Name = "Идентификатор"; Value = "YC164-JR-073KL   "; VariantName = "[No Variations]"
Change component parameters (AddParameter): Name = "Корпус"; Value = "0805"; VariantName = "[No Variations]"
Change component parameters (AddParameter): Name = "Наименование"; Value = ""; VariantName = "[No Variations]"
Change component parameters (AddParameter): Name = "Напряжение"; Value = ""; VariantName = "[No Variations]"
Change component parameters (AddParameter): Name = "Номинал"; Value = "3k"; VariantName = "[No Variations]"
Change component parameters (AddParameter): Name = "Поставщик"; Value = ""; VariantName = "[No Variations]"
Change component parameters (AddParameter): Name = "Примечания"; Value = ""; VariantName = "[No Variations]"
Change component parameters (AddParameter): Name = "Тип"; Value = "Резистор"; VariantName = "[No Variations]"
Change component parameters: Designator = "VD1"; Footprint = "SOT-363"; UniqueID = "\ZZMLTHCC"
Change component parameters. Clean all parameters for all variants
Change component parameters (AddParameter): Name = "Идентификатор"; Value = "PESD3V3L5UY "; VariantName = "[No Variations]"
Change component parameters (AddParameter): Name = "Корпус"; Value = "SMC"; VariantName = "[No Variations]"
Change component parameters (AddParameter): Name = "Наименование"; Value = ""; VariantName = "[No Variations]"
Change component parameters (AddParameter): Name = "Напряжение"; Value = "3.3V"; VariantName = "[No Variations]"
Change component parameters (AddParameter): Name = "Номинал"; Value = ""; VariantName = "[No Variations]"
Change component parameters (AddParameter): Name = "Поставщик"; Value = ""; VariantName = "[No Variations]"
Change component parameters (AddParameter): Name = "Примечания"; Value = ""; VariantName = "[No Variations]"
Change component parameters (AddParameter): Name = "Тип"; Value = "Диод"; VariantName = "[No Variations]"
Change component parameters: Designator = "VD2"; Footprint = "SOT-363"; UniqueID = "\VVKRHYYL"
Change component parameters. Clean all parameters for all variants
Change component parameters (AddParameter): Name = "Идентификатор"; Value = "PESD3V3L5UY "; VariantName = "[No Variations]"
Change component parameters (AddParameter): Name = "Корпус"; Value = "SMC"; VariantName = "[No Variations]"
Change component parameters (AddParameter): Name = "Наименование"; Value = ""; VariantName = "[No Variations]"
Change component parameters (AddParameter): Name = "Напряжение"; Value = "3.3V"; VariantName = "[No Variations]"
Change component parameters (AddParameter): Name = "Номинал"; Value = ""; VariantName = "[No Variations]"
Change component parameters (AddParameter): Name = "Поставщик"; Value = ""; VariantName = "[No Variations]"
Change component parameters (AddParameter): Name = "Примечания"; Value = ""; VariantName = "[No Variations]"
Change component parameters (AddParameter): Name = "Тип"; Value = "Диод"; VariantName = "[No Variations]"
Change component parameters: Designator = "VD3"; Footprint = "SOT-363"; UniqueID = "\TMFIMZTF"
Change component parameters. Clean all parameters for all variants
Change component parameters (AddParameter): Name = "Идентификатор"; Value = "PESD3V3L5UY "; VariantName = "[No Variations]"
Change component parameters (AddParameter): Name = "Корпус"; Value = "SMC"; VariantName = "[No Variations]"
Change component parameters (AddParameter): Name = "Наименование"; Value = ""; VariantName = "[No Variations]"
Change component parameters (AddParameter): Name = "Напряжение"; Value = "3.3V"; VariantName = "[No Variations]"
Change component parameters (AddParameter): Name = "Номинал"; Value = ""; VariantName = "[No Variations]"
Change component parameters (AddParameter): Name = "Поставщик"; Value = ""; VariantName = "[No Variations]"
Change component parameters (AddParameter): Name = "Примечания"; Value = ""; VariantName = "[No Variations]"
Change component parameters (AddParameter): Name = "Тип"; Value = "Диод"; VariantName = "[No Variations]"
Change component parameters: Designator = "VD4"; Footprint = "SOT-363"; UniqueID = "\RGMHVOTH"
Change component parameters. Clean all parameters for all variants
Change component parameters (AddParameter): Name = "Идентификатор"; Value = "PESD3V3L5UY "; VariantName = "[No Variations]"
Change component parameters (AddParameter): Name = "Корпус"; Value = "SMC"; VariantName = "[No Variations]"
Change component parameters (AddParameter): Name = "Наименование"; Value = ""; VariantName = "[No Variations]"
Change component parameters (AddParameter): Name = "Напряжение"; Value = "3.3V"; VariantName = "[No Variations]"
Change component parameters (AddParameter): Name = "Номинал"; Value = ""; VariantName = "[No Variations]"
Change component parameters (AddParameter): Name = "Поставщик"; Value = ""; VariantName = "[No Variations]"
Change component parameters (AddParameter): Name = "Примечания"; Value = ""; VariantName = "[No Variations]"
Change component parameters (AddParameter): Name = "Тип"; Value = "Диод"; VariantName = "[No Variations]"
Change component parameters: Designator = "XS6"; Footprint = "XS_USBB"; UniqueID = "\AYAFDMBK"
Change component parameters. Clean all parameters for all variants
Change component parameters (AddParameter): Name = "Идентификатор"; Value = ""; VariantName = "[No Variations]"
Change component parameters (AddParameter): Name = "Корпус"; Value = "USB-B "; VariantName = "[No Variations]"
Change component parameters (AddParameter): Name = "Наименование"; Value = "DS1099-WN0-FE"; VariantName = "[No Variations]"
Change component parameters (AddParameter): Name = "Напряжение"; Value = ""; VariantName = "[No Variations]"
Change component parameters (AddParameter): Name = "Номинал"; Value = ""; VariantName = "[No Variations]"
Change component parameters (AddParameter): Name = "Поставщик"; Value = ""; VariantName = "[No Variations]"
Change component parameters (AddParameter): Name = "Примечания"; Value = ""; VariantName = "[No Variations]"
Change component parameters (AddParameter): Name = "Тип"; Value = ""; VariantName = "[No Variations]"
Change component parameters: Designator = "VD6"; Footprint = "VD_SMA_(Do-214AC)"; UniqueID = "\YJQHMCHZ"
Change component parameters. Clean all parameters for all variants
Change component parameters (AddParameter): Name = "Идентификатор"; Value = ""; VariantName = "[No Variations]"
Change component parameters (AddParameter): Name = "Корпус"; Value = "SMA"; VariantName = "[No Variations]"
Change component parameters (AddParameter): Name = "Наименование"; Value = "10MQ030NPBF"; VariantName = "[No Variations]"
Change component parameters (AddParameter): Name = "Напряжение"; Value = "30В "; VariantName = "[No Variations]"
Change component parameters (AddParameter): Name = "Номинал"; Value = "1А"; VariantName = "[No Variations]"
Change component parameters (AddParameter): Name = "Поставщик"; Value = ""; VariantName = "[No Variations]"
Change component parameters (AddParameter): Name = "Примечания"; Value = ""; VariantName = "[No Variations]"
Change component parameters (AddParameter): Name = "Тип"; Value = "Диод Шоттки"; VariantName = "[No Variations]"
Change component parameters: Designator = "VD7"; Footprint = "VD_SMA_(Do-214AC)"; UniqueID = "\DEBHCKWA"
Change component parameters. Clean all parameters for all variants
Change component parameters (AddParameter): Name = "Идентификатор"; Value = ""; VariantName = "[No Variations]"
Change component parameters (AddParameter): Name = "Корпус"; Value = "SMA"; VariantName = "[No Variations]"
Change component parameters (AddParameter): Name = "Наименование"; Value = "10MQ030NPBF"; VariantName = "[No Variations]"
Change component parameters (AddParameter): Name = "Напряжение"; Value = "30В "; VariantName = "[No Variations]"
Change component parameters (AddParameter): Name = "Номинал"; Value = "1А"; VariantName = "[No Variations]"
Change component parameters (AddParameter): Name = "Поставщик"; Value = ""; VariantName = "[No Variations]"
Change component parameters (AddParameter): Name = "Примечания"; Value = ""; VariantName = "[No Variations]"
Change component parameters (AddParameter): Name = "Тип"; Value = "Диод Шоттки"; VariantName = "[No Variations]"
Change component parameters: Designator = "VD8"; Footprint = "VD_SMA_(Do-214AC)"; UniqueID = "\DTCJHMYB"
Change component parameters. Clean all parameters for all variants
Change component parameters (AddParameter): Name = "Идентификатор"; Value = ""; VariantName = "[No Variations]"
Change component parameters (AddParameter): Name = "Корпус"; Value = "SMA"; VariantName = "[No Variations]"
Change component parameters (AddParameter): Name = "Наименование"; Value = "10MQ030NPBF"; VariantName = "[No Variations]"
Change component parameters (AddParameter): Name = "Напряжение"; Value = "30В "; VariantName = "[No Variations]"
Change component parameters (AddParameter): Name = "Номинал"; Value = "1А"; VariantName = "[No Variations]"
Change component parameters (AddParameter): Name = "Поставщик"; Value = ""; VariantName = "[No Variations]"
Change component parameters (AddParameter): Name = "Примечания"; Value = ""; VariantName = "[No Variations]"
Change component parameters (AddParameter): Name = "Тип"; Value = "Диод Шоттки"; VariantName = "[No Variations]"
Change component parameters: Designator = "VD12"; Footprint = "VD_SMA_(Do-214AC)"; UniqueID = "\ECIAMMPO"
Change component parameters. Clean all parameters for all variants
Change component parameters (AddParameter): Name = "Идентификатор"; Value = ""; VariantName = "[No Variations]"
Change component parameters (AddParameter): Name = "Корпус"; Value = "SMA"; VariantName = "[No Variations]"
Change component parameters (AddParameter): Name = "Наименование"; Value = "10MQ030NPBF"; VariantName = "[No Variations]"
Change component parameters (AddParameter): Name = "Напряжение"; Value = "30В "; VariantName = "[No Variations]"
Change component parameters (AddParameter): Name = "Номинал"; Value = "1А"; VariantName = "[No Variations]"
Change component parameters (AddParameter): Name = "Поставщик"; Value = ""; VariantName = "[No Variations]"
Change component parameters (AddParameter): Name = "Примечания"; Value = ""; VariantName = "[No Variations]"
Change component parameters (AddParameter): Name = "Тип"; Value = "Диод Шоттки"; VariantName = "[No Variations]"
Change component parameters: Designator = "VD18"; Footprint = "VD_SMA_(Do-214AC)"; UniqueID = "\VSNGJBBR"
Change component parameters. Clean all parameters for all variants
Change component parameters (AddParameter): Name = "Идентификатор"; Value = ""; VariantName = "[No Variations]"
Change component parameters (AddParameter): Name = "Корпус"; Value = "SMA"; VariantName = "[No Variations]"
Change component parameters (AddParameter): Name = "Наименование"; Value = "10MQ030NPBF"; VariantName = "[No Variations]"
Change component parameters (AddParameter): Name = "Напряжение"; Value = "30В "; VariantName = "[No Variations]"
Change component parameters (AddParameter): Name = "Номинал"; Value = "1А"; VariantName = "[No Variations]"
Change component parameters (AddParameter): Name = "Поставщик"; Value = ""; VariantName = "[No Variations]"
Change component parameters (AddParameter): Name = "Примечания"; Value = ""; VariantName = "[No Variations]"
Change component parameters (AddParameter): Name = "Тип"; Value = "Диод Шоттки"; VariantName = "[No Variations]"
Change component parameters: Designator = "R36"; Footprint = "RES_0805_(2x1.2x0.45)_0.125Вт"; UniqueID = "\NSAWQNCI"
Change component parameters. Clean all parameters for all variants
Change component parameters (AddParameter): Name = "Идентификатор"; Value = ""; VariantName = "[No Variations]"
Change component parameters (AddParameter): Name = "Корпус"; Value = "0805"; VariantName = "[No Variations]"
Change component parameters (AddParameter): Name = "Наименование"; Value = ""; VariantName = "[No Variations]"
Change component parameters (AddParameter): Name = "Напряжение"; Value = ""; VariantName = "[No Variations]"
Change component parameters (AddParameter): Name = "Номинал"; Value = "12.4 k "; VariantName = "[No Variations]"
Change component parameters (AddParameter): Name = "Поставщик"; Value = ""; VariantName = "[No Variations]"
Change component parameters (AddParameter): Name = "Примечания"; Value = "1%"; VariantName = "[No Variations]"
Change component parameters (AddParameter): Name = "Тип"; Value = "Резистор"; VariantName = "[No Variations]"
Change component parameters: Designator = "VT1"; Footprint = "SOT-23"; UniqueID = "\OKPBRCUK"
Change component parameters. Clean all parameters for all variants
Change component parameters (AddParameter): Name = "Идентификатор"; Value = ""; VariantName = "[No Variations]"
Change component parameters (AddParameter): Name = "Корпус"; Value = "SOT-23"; VariantName = "[No Variations]"
Change component parameters (AddParameter): Name = "Наименование"; Value = "BC847B"; VariantName = "[No Variations]"
Change component parameters (AddParameter): Name = "Напряжение"; Value = " 45В"; VariantName = "[No Variations]"
Change component parameters (AddParameter): Name = "Номинал"; Value = " 0.1А"; VariantName = "[No Variations]"
Change component parameters (AddParameter): Name = "Поставщик"; Value = ""; VariantName = "[No Variations]"
Change component parameters (AddParameter): Name = "Примечания"; Value = ""; VariantName = "[No Variations]"
Change component parameters (AddParameter): Name = "Тип"; Value = "NPN"; VariantName = "[No Variations]"
Added Component: Designator=R5(RES_0805_(2x1.2x0.45)_0.125Вт)
Add component. Clean all parameters for all variants
Add component (AddParameter): Name = "Идентификатор"; Value = ""; VariantName = "[No Variations]"
Add component (AddParameter): Name = "Корпус"; Value = "0805"; VariantName = "[No Variations]"
Add component (AddParameter): Name = "Наименование"; Value = ""; VariantName = "[No Variations]"
Add component (AddParameter): Name = "Напряжение"; Value = ""; VariantName = "[No Variations]"
Add component (AddParameter): Name = "Номинал"; Value = "15 k"; VariantName = "[No Variations]"
Add component (AddParameter): Name = "Поставщик"; Value = ""; VariantName = "[No Variations]"
Add component (AddParameter): Name = "Примечания"; Value = ""; VariantName = "[No Variations]"
Add component (AddParameter): Name = "Тип"; Value = "Резистор"; VariantName = "[No Variations]"
Added Component: Designator=VD22(VD_LED_dip)
Add component. Clean all parameters for all variants
Add component (AddParameter): Name = "Идентификатор"; Value = ""; VariantName = "[No Variations]"
Add component (AddParameter): Name = "Корпус"; Value = "0805"; VariantName = "[No Variations]"
Add component (AddParameter): Name = "Наименование"; Value = "BL-L2506PGC"; VariantName = "[No Variations]"
Add component (AddParameter): Name = "Напряжение"; Value = ""; VariantName = "[No Variations]"
Add component (AddParameter): Name = "Номинал"; Value = ""; VariantName = "[No Variations]"
Add component (AddParameter): Name = "Поставщик"; Value = ""; VariantName = "[No Variations]"
Add component (AddParameter): Name = "Примечания"; Value = "Зеленый dip"; VariantName = "[No Variations]"
Add component (AddParameter): Name = "Тип"; Value = ""; VariantName = "[No Variations]"
Added Pin To Net: NetName=24V_GND Pin=R5-1
Added Pin To Net: NetName=D_GND Pin=R8-1
Added Pin To Net: NetName=NetC13_2 Pin=R8-1
Added Pin To Net: NetName=D_GND Pin=R8-2
Added Pin To Net: NetName=D_GND Pin=R8-3
Added Pin To Net: NetName=NetC7_2 Pin=R8-6
Added Pin To Net: NetName=NetC4_2 Pin=R8-7
Added Pin To Net: NetName=DI11_BT_MCU Pin=R8-8
Added Pin To Net: NetName=NetC11_2 Pin=R8-8
Added Pin To Net: NetName=NetC13_2 Pin=R11-1
Added Pin To Net: NetName=NetC16_2 Pin=R11-1
Added Pin To Net: NetName=NetC17_2 Pin=R11-2
Added Pin To Net: NetName=DI12_BT Pin=R11-7
Added Pin To Net: NetName=DI8_BT_MCU Pin=R11-8
Added Pin To Net: NetName=DI11_BT Pin=R11-8
Added Pin To Net: NetName=A_GND Pin=VD1-2
Added Pin To Net: NetName=+24V Pin=VD22-1
Added Pin To Net: NetName=NetR5_2 Pin=R5-2
Added Pin To Net: NetName=NetR5_2 Pin=VD22-2
Added Net: Name=NetR5_2
Added Member To Class: ClassName=Main Member=Component R5 0805
Added Member To Class: ClassName=Ai Member=Component R8 сборка 4шт
Added Member To Class: ClassName=Ai Member=Component R8 сборка 4шт
Added Member To Class: ClassName=Ai Member=Component R8 сборка 4шт
Added Member To Class: ClassName=Ai Member=Component R11 сборка 4шт
Added Member To Class: ClassName=Ai Member=Component R11 сборка 4шт
Added Member To Class: ClassName=Ai Member=Component R? 0805
Added Member To Class: ClassName=Main Member=Component VD22 VD_Led
Added Member To Class: ClassName=Ai Member=Component XS2 XS_3x2_pin_3.8mm
