Added Component: Designator=VD6(VD_SMA_(Do-214AC))
Add component. Clean all parameters for all variants
Add component (AddParameter): Name = "Идентификатор"; Value = ""; VariantName = "[No Variations]"
Add component (AddParameter): Name = "Корпус"; Value = "SMA"; VariantName = "[No Variations]"
Add component (AddParameter): Name = "Наименование"; Value = "10MQ030NPBF"; VariantName = "[No Variations]"
Add component (AddParameter): Name = "Напряжение"; Value = "30В "; VariantName = "[No Variations]"
Add component (AddParameter): Name = "Номинал"; Value = "1А"; VariantName = "[No Variations]"
Add component (AddParameter): Name = "Поставщик"; Value = ""; VariantName = "[No Variations]"
Add component (AddParameter): Name = "Примечания"; Value = ""; VariantName = "[No Variations]"
Add component (AddParameter): Name = "Тип"; Value = "Диод Шоттки"; VariantName = "[No Variations]"
Added Component: Designator=VD12(VD_SMA_(Do-214AC))
Add component. Clean all parameters for all variants
Add component (AddParameter): Name = "Идентификатор"; Value = ""; VariantName = "[No Variations]"
Add component (AddParameter): Name = "Корпус"; Value = "SMA"; VariantName = "[No Variations]"
Add component (AddParameter): Name = "Наименование"; Value = "10MQ030NPBF"; VariantName = "[No Variations]"
Add component (AddParameter): Name = "Напряжение"; Value = "30В "; VariantName = "[No Variations]"
Add component (AddParameter): Name = "Номинал"; Value = "1А"; VariantName = "[No Variations]"
Add component (AddParameter): Name = "Поставщик"; Value = ""; VariantName = "[No Variations]"
Add component (AddParameter): Name = "Примечания"; Value = ""; VariantName = "[No Variations]"
Add component (AddParameter): Name = "Тип"; Value = "Диод Шоттки"; VariantName = "[No Variations]"
Added Component: Designator=VD18(VD_SMA_(Do-214AC))
Add component. Clean all parameters for all variants
Add component (AddParameter): Name = "Идентификатор"; Value = ""; VariantName = "[No Variations]"
Add component (AddParameter): Name = "Корпус"; Value = "SMA"; VariantName = "[No Variations]"
Add component (AddParameter): Name = "Наименование"; Value = "10MQ030NPBF"; VariantName = "[No Variations]"
Add component (AddParameter): Name = "Напряжение"; Value = "30В "; VariantName = "[No Variations]"
Add component (AddParameter): Name = "Номинал"; Value = "1А"; VariantName = "[No Variations]"
Add component (AddParameter): Name = "Поставщик"; Value = ""; VariantName = "[No Variations]"
Add component (AddParameter): Name = "Примечания"; Value = ""; VariantName = "[No Variations]"
Add component (AddParameter): Name = "Тип"; Value = "Диод Шоттки"; VariantName = "[No Variations]"
Added Component: Designator=VD19(VD_SMA_(Do-214AC))
Add component. Clean all parameters for all variants
Add component (AddParameter): Name = "Идентификатор"; Value = ""; VariantName = "[No Variations]"
Add component (AddParameter): Name = "Корпус"; Value = "SMA"; VariantName = "[No Variations]"
Add component (AddParameter): Name = "Наименование"; Value = "SMAJ5.0A"; VariantName = "[No Variations]"
Add component (AddParameter): Name = "Напряжение"; Value = "5В"; VariantName = "[No Variations]"
Add component (AddParameter): Name = "Номинал"; Value = ""; VariantName = "[No Variations]"
Add component (AddParameter): Name = "Поставщик"; Value = ""; VariantName = "[No Variations]"
Add component (AddParameter): Name = "Примечания"; Value = ""; VariantName = "[No Variations]"
Add component (AddParameter): Name = "Тип"; Value = "Диод"; VariantName = "[No Variations]"
Added Component: Designator=VD20(VD_SMA_(Do-214AC))
Add component. Clean all parameters for all variants
Add component (AddParameter): Name = "Идентификатор"; Value = ""; VariantName = "[No Variations]"
Add component (AddParameter): Name = "Корпус"; Value = "SMA"; VariantName = "[No Variations]"
Add component (AddParameter): Name = "Наименование"; Value = "SMAJ5.0A"; VariantName = "[No Variations]"
Add component (AddParameter): Name = "Напряжение"; Value = "5В"; VariantName = "[No Variations]"
Add component (AddParameter): Name = "Номинал"; Value = ""; VariantName = "[No Variations]"
Add component (AddParameter): Name = "Поставщик"; Value = ""; VariantName = "[No Variations]"
Add component (AddParameter): Name = "Примечания"; Value = ""; VariantName = "[No Variations]"
Add component (AddParameter): Name = "Тип"; Value = "Диод"; VariantName = "[No Variations]"
Added Pin To Net: NetName=NetC41_2 Pin=VD6-1
Added Pin To Net: NetName=NetDD2_6 Pin=VD6-2
Added Pin To Net: NetName=NetVD12_1 Pin=VD12-1
Added Pin To Net: NetName=+5V_D Pin=VD12-2
Added Pin To Net: NetName=NetG1_6 Pin=VD18-1
Added Pin To Net: NetName=+5V_D Pin=VD18-2
Added Pin To Net: NetName=D_GND Pin=VD19-1
Added Pin To Net: NetName=+5V_D Pin=VD19-2
Added Pin To Net: NetName=GND_RS Pin=VD20-1
Added Pin To Net: NetName=+5V_RS Pin=VD20-2
Added Member To Class: ClassName=Eth Member=Component VD6 VD_SH_SMA
Added Member To Class: ClassName=Main Member=Component VD12 VD_SH_SMA
Added Member To Class: ClassName=Main Member=Component VD18 VD_SH_SMA
Added Member To Class: ClassName=Main Member=Component VD19 VD_SMA
Added Member To Class: ClassName=Main Member=Component VD20 VD_SMA
