Removed Pin From Net: NetName=D_GND Pin=R8-2
Removed Pin From Net: NetName=D_GND Pin=R8-3
Removed Pin From Net: NetName=NetC7_2 Pin=R8-6
Removed Pin From Net: NetName=NetC4_2 Pin=R8-7
Removed Pin From Net: NetName=NetC11_2 Pin=R8-8
Removed Pin From Net: NetName=NetC17_2 Pin=R11-2
Removed Pin From Net: NetName=DI12_BT Pin=R11-7
Removed Pin From Net: NetName=DI11_BT Pin=R11-8
Change Component Footprint: Designator=VD22 Old Footprint=VD_LED_dip New Footprint=led_0805
Change Component Comment : Designator=VD22 Old Comment=VD_Led New Comment=VD_Led_0805
Change component parameters: Designator = "VD22"; Footprint = "led_0805"; UniqueID = "\CRCJIBTN"
Change component parameters. Clean all parameters for all variants
Change component parameters (AddParameter): Name = "Идентификатор"; Value = ""; VariantName = "[No Variations]"
Change component parameters (AddParameter): Name = "Корпус"; Value = "1206"; VariantName = "[No Variations]"
Change component parameters (AddParameter): Name = "Наименование"; Value = "BL-LS0805PGC"; VariantName = "[No Variations]"
Change component parameters (AddParameter): Name = "Напряжение"; Value = ""; VariantName = "[No Variations]"
Change component parameters (AddParameter): Name = "Номинал"; Value = ""; VariantName = "[No Variations]"
Change component parameters (AddParameter): Name = "Поставщик"; Value = ""; VariantName = "[No Variations]"
Change component parameters (AddParameter): Name = "Примечания"; Value = ""; VariantName = "[No Variations]"
Change component parameters (AddParameter): Name = "Тип"; Value = ""; VariantName = "[No Variations]"
Added Pin To Net: NetName=D_GND Pin=R8-1
Added Pin To Net: NetName=D_GND Pin=R8-2
Added Pin To Net: NetName=D_GND Pin=R8-3
Added Pin To Net: NetName=NetC7_2 Pin=R8-6
Added Pin To Net: NetName=NetC4_2 Pin=R8-7
Added Pin To Net: NetName=DI11_BT_MCU Pin=R8-8
Added Pin To Net: NetName=NetC11_2 Pin=R8-8
Added Pin To Net: NetName=NetC13_2 Pin=R11-1
Added Pin To Net: NetName=NetC17_2 Pin=R11-2
Added Pin To Net: NetName=DI12_BT Pin=R11-7
Added Pin To Net: NetName=DI8_BT_MCU Pin=R11-8
Added Pin To Net: NetName=DI11_BT Pin=R11-8
Added Pin To Net: NetName=D_GND Pin=VD1-2
Added Member To Class: ClassName=Ai Member=Component R8 сборка 4шт
Added Member To Class: ClassName=Ai Member=Component R8 сборка 4шт
Added Member To Class: ClassName=Ai Member=Component R8 сборка 4шт
Added Member To Class: ClassName=Ai Member=Component R11 сборка 4шт
Added Member To Class: ClassName=Ai Member=Component R11 сборка 4шт
Added Member To Class: ClassName=Ai Member=Component R? 0805
